CRITICAL - 2024-04-05 02:53:26 --> ErrorException: Maximum execution time of 120 seconds exceeded
in SYSTEMPATH\Autoloader\Autoloader.php on line 290.
 1 [internal function]: CodeIgniter\Debug\Exceptions->shutdownHandler()
WARNING - 2024-04-05 02:54:33 --> [DEPRECATED] Creation of dynamic property App\Controllers\Admin::$ModelSetting is deprecated in APPPATH\Controllers\Admin.php on line 11.
 1 SYSTEMPATH\CodeIgniter.php(915): App\Controllers\Admin->__construct()
 2 SYSTEMPATH\CodeIgniter.php(494): CodeIgniter\CodeIgniter->createController()
 3 SYSTEMPATH\CodeIgniter.php(361): CodeIgniter\CodeIgniter->handleRequest(null, Object(Config\Cache), false)
 4 FCPATH\index.php(79): CodeIgniter\CodeIgniter->run()
WARNING - 2024-04-05 02:56:31 --> [DEPRECATED] Creation of dynamic property App\Controllers\Admin::$ModelSetting is deprecated in APPPATH\Controllers\Admin.php on line 11.
 1 SYSTEMPATH\CodeIgniter.php(915): App\Controllers\Admin->__construct()
 2 SYSTEMPATH\CodeIgniter.php(494): CodeIgniter\CodeIgniter->createController()
 3 SYSTEMPATH\CodeIgniter.php(361): CodeIgniter\CodeIgniter->handleRequest(null, Object(Config\Cache), false)
 4 FCPATH\index.php(79): CodeIgniter\CodeIgniter->run()
WARNING - 2024-04-05 02:56:37 --> [DEPRECATED] Creation of dynamic property App\Controllers\Wilayah::$ModelWilayah is deprecated in APPPATH\Controllers\Wilayah.php on line 14.
 1 SYSTEMPATH\CodeIgniter.php(915): App\Controllers\Wilayah->__construct()
 2 SYSTEMPATH\CodeIgniter.php(494): CodeIgniter\CodeIgniter->createController()
 3 SYSTEMPATH\CodeIgniter.php(361): CodeIgniter\CodeIgniter->handleRequest(null, Object(Config\Cache), false)
 4 FCPATH\index.php(79): CodeIgniter\CodeIgniter->run()
WARNING - 2024-04-05 02:56:37 --> [DEPRECATED] Creation of dynamic property App\Controllers\Wilayah::$ModelSetting is deprecated in APPPATH\Controllers\Wilayah.php on line 15.
 1 SYSTEMPATH\CodeIgniter.php(915): App\Controllers\Wilayah->__construct()
 2 SYSTEMPATH\CodeIgniter.php(494): CodeIgniter\CodeIgniter->createController()
 3 SYSTEMPATH\CodeIgniter.php(361): CodeIgniter\CodeIgniter->handleRequest(null, Object(Config\Cache), false)
 4 FCPATH\index.php(79): CodeIgniter\CodeIgniter->run()
INFO - 2024-04-05 02:56:37 --> Session: Class initialized using 'CodeIgniter\Session\Handlers\FileHandler' driver.
WARNING - 2024-04-05 02:58:18 --> [DEPRECATED] Creation of dynamic property App\Controllers\Wilayah::$ModelWilayah is deprecated in APPPATH\Controllers\Wilayah.php on line 14.
 1 SYSTEMPATH\CodeIgniter.php(915): App\Controllers\Wilayah->__construct()
 2 SYSTEMPATH\CodeIgniter.php(494): CodeIgniter\CodeIgniter->createController()
 3 SYSTEMPATH\CodeIgniter.php(361): CodeIgniter\CodeIgniter->handleRequest(null, Object(Config\Cache), false)
 4 FCPATH\index.php(79): CodeIgniter\CodeIgniter->run()
WARNING - 2024-04-05 02:58:18 --> [DEPRECATED] Creation of dynamic property App\Controllers\Wilayah::$ModelSetting is deprecated in APPPATH\Controllers\Wilayah.php on line 15.
 1 SYSTEMPATH\CodeIgniter.php(915): App\Controllers\Wilayah->__construct()
 2 SYSTEMPATH\CodeIgniter.php(494): CodeIgniter\CodeIgniter->createController()
 3 SYSTEMPATH\CodeIgniter.php(361): CodeIgniter\CodeIgniter->handleRequest(null, Object(Config\Cache), false)
 4 FCPATH\index.php(79): CodeIgniter\CodeIgniter->run()
INFO - 2024-04-05 02:58:18 --> Session: Class initialized using 'CodeIgniter\Session\Handlers\FileHandler' driver.
WARNING - 2024-04-05 02:58:50 --> [DEPRECATED] Creation of dynamic property App\Controllers\Wilayah::$ModelWilayah is deprecated in APPPATH\Controllers\Wilayah.php on line 14.
 1 SYSTEMPATH\CodeIgniter.php(915): App\Controllers\Wilayah->__construct()
 2 SYSTEMPATH\CodeIgniter.php(494): CodeIgniter\CodeIgniter->createController()
 3 SYSTEMPATH\CodeIgniter.php(361): CodeIgniter\CodeIgniter->handleRequest(null, Object(Config\Cache), false)
 4 FCPATH\index.php(79): CodeIgniter\CodeIgniter->run()
WARNING - 2024-04-05 02:58:50 --> [DEPRECATED] Creation of dynamic property App\Controllers\Wilayah::$ModelSetting is deprecated in APPPATH\Controllers\Wilayah.php on line 15.
 1 SYSTEMPATH\CodeIgniter.php(915): App\Controllers\Wilayah->__construct()
 2 SYSTEMPATH\CodeIgniter.php(494): CodeIgniter\CodeIgniter->createController()
 3 SYSTEMPATH\CodeIgniter.php(361): CodeIgniter\CodeIgniter->handleRequest(null, Object(Config\Cache), false)
 4 FCPATH\index.php(79): CodeIgniter\CodeIgniter->run()
INFO - 2024-04-05 02:58:50 --> Session: Class initialized using 'CodeIgniter\Session\Handlers\FileHandler' driver.
WARNING - 2024-04-05 03:00:28 --> [DEPRECATED] Creation of dynamic property App\Controllers\Wilayah::$ModelWilayah is deprecated in APPPATH\Controllers\Wilayah.php on line 14.
 1 SYSTEMPATH\CodeIgniter.php(915): App\Controllers\Wilayah->__construct()
 2 SYSTEMPATH\CodeIgniter.php(494): CodeIgniter\CodeIgniter->createController()
 3 SYSTEMPATH\CodeIgniter.php(361): CodeIgniter\CodeIgniter->handleRequest(null, Object(Config\Cache), false)
 4 FCPATH\index.php(79): CodeIgniter\CodeIgniter->run()
WARNING - 2024-04-05 03:00:28 --> [DEPRECATED] Creation of dynamic property App\Controllers\Wilayah::$ModelSetting is deprecated in APPPATH\Controllers\Wilayah.php on line 15.
 1 SYSTEMPATH\CodeIgniter.php(915): App\Controllers\Wilayah->__construct()
 2 SYSTEMPATH\CodeIgniter.php(494): CodeIgniter\CodeIgniter->createController()
 3 SYSTEMPATH\CodeIgniter.php(361): CodeIgniter\CodeIgniter->handleRequest(null, Object(Config\Cache), false)
 4 FCPATH\index.php(79): CodeIgniter\CodeIgniter->run()
INFO - 2024-04-05 03:00:28 --> Session: Class initialized using 'CodeIgniter\Session\Handlers\FileHandler' driver.
WARNING - 2024-04-05 03:01:01 --> [DEPRECATED] Creation of dynamic property App\Controllers\Wilayah::$ModelWilayah is deprecated in APPPATH\Controllers\Wilayah.php on line 14.
 1 SYSTEMPATH\CodeIgniter.php(915): App\Controllers\Wilayah->__construct()
 2 SYSTEMPATH\CodeIgniter.php(494): CodeIgniter\CodeIgniter->createController()
 3 SYSTEMPATH\CodeIgniter.php(361): CodeIgniter\CodeIgniter->handleRequest(null, Object(Config\Cache), false)
 4 FCPATH\index.php(79): CodeIgniter\CodeIgniter->run()
WARNING - 2024-04-05 03:01:01 --> [DEPRECATED] Creation of dynamic property App\Controllers\Wilayah::$ModelSetting is deprecated in APPPATH\Controllers\Wilayah.php on line 15.
 1 SYSTEMPATH\CodeIgniter.php(915): App\Controllers\Wilayah->__construct()
 2 SYSTEMPATH\CodeIgniter.php(494): CodeIgniter\CodeIgniter->createController()
 3 SYSTEMPATH\CodeIgniter.php(361): CodeIgniter\CodeIgniter->handleRequest(null, Object(Config\Cache), false)
 4 FCPATH\index.php(79): CodeIgniter\CodeIgniter->run()
INFO - 2024-04-05 03:01:01 --> Session: Class initialized using 'CodeIgniter\Session\Handlers\FileHandler' driver.
WARNING - 2024-04-05 03:01:15 --> [DEPRECATED] Creation of dynamic property App\Controllers\Wilayah::$ModelWilayah is deprecated in APPPATH\Controllers\Wilayah.php on line 14.
 1 SYSTEMPATH\CodeIgniter.php(915): App\Controllers\Wilayah->__construct()
 2 SYSTEMPATH\CodeIgniter.php(494): CodeIgniter\CodeIgniter->createController()
 3 SYSTEMPATH\CodeIgniter.php(361): CodeIgniter\CodeIgniter->handleRequest(null, Object(Config\Cache), false)
 4 FCPATH\index.php(79): CodeIgniter\CodeIgniter->run()
WARNING - 2024-04-05 03:01:15 --> [DEPRECATED] Creation of dynamic property App\Controllers\Wilayah::$ModelSetting is deprecated in APPPATH\Controllers\Wilayah.php on line 15.
 1 SYSTEMPATH\CodeIgniter.php(915): App\Controllers\Wilayah->__construct()
 2 SYSTEMPATH\CodeIgniter.php(494): CodeIgniter\CodeIgniter->createController()
 3 SYSTEMPATH\CodeIgniter.php(361): CodeIgniter\CodeIgniter->handleRequest(null, Object(Config\Cache), false)
 4 FCPATH\index.php(79): CodeIgniter\CodeIgniter->run()
INFO - 2024-04-05 03:01:15 --> Session: Class initialized using 'CodeIgniter\Session\Handlers\FileHandler' driver.
WARNING - 2024-04-05 03:03:10 --> [DEPRECATED] Creation of dynamic property App\Controllers\Wilayah::$ModelWilayah is deprecated in APPPATH\Controllers\Wilayah.php on line 14.
 1 SYSTEMPATH\CodeIgniter.php(915): App\Controllers\Wilayah->__construct()
 2 SYSTEMPATH\CodeIgniter.php(494): CodeIgniter\CodeIgniter->createController()
 3 SYSTEMPATH\CodeIgniter.php(361): CodeIgniter\CodeIgniter->handleRequest(null, Object(Config\Cache), false)
 4 FCPATH\index.php(79): CodeIgniter\CodeIgniter->run()
WARNING - 2024-04-05 03:03:10 --> [DEPRECATED] Creation of dynamic property App\Controllers\Wilayah::$ModelSetting is deprecated in APPPATH\Controllers\Wilayah.php on line 15.
 1 SYSTEMPATH\CodeIgniter.php(915): App\Controllers\Wilayah->__construct()
 2 SYSTEMPATH\CodeIgniter.php(494): CodeIgniter\CodeIgniter->createController()
 3 SYSTEMPATH\CodeIgniter.php(361): CodeIgniter\CodeIgniter->handleRequest(null, Object(Config\Cache), false)
 4 FCPATH\index.php(79): CodeIgniter\CodeIgniter->run()
INFO - 2024-04-05 03:03:11 --> Session: Class initialized using 'CodeIgniter\Session\Handlers\FileHandler' driver.
WARNING - 2024-04-05 03:03:57 --> [DEPRECATED] Creation of dynamic property App\Controllers\Wilayah::$ModelWilayah is deprecated in APPPATH\Controllers\Wilayah.php on line 14.
 1 SYSTEMPATH\CodeIgniter.php(915): App\Controllers\Wilayah->__construct()
 2 SYSTEMPATH\CodeIgniter.php(494): CodeIgniter\CodeIgniter->createController()
 3 SYSTEMPATH\CodeIgniter.php(361): CodeIgniter\CodeIgniter->handleRequest(null, Object(Config\Cache), false)
 4 FCPATH\index.php(79): CodeIgniter\CodeIgniter->run()
WARNING - 2024-04-05 03:03:57 --> [DEPRECATED] Creation of dynamic property App\Controllers\Wilayah::$ModelSetting is deprecated in APPPATH\Controllers\Wilayah.php on line 15.
 1 SYSTEMPATH\CodeIgniter.php(915): App\Controllers\Wilayah->__construct()
 2 SYSTEMPATH\CodeIgniter.php(494): CodeIgniter\CodeIgniter->createController()
 3 SYSTEMPATH\CodeIgniter.php(361): CodeIgniter\CodeIgniter->handleRequest(null, Object(Config\Cache), false)
 4 FCPATH\index.php(79): CodeIgniter\CodeIgniter->run()
INFO - 2024-04-05 03:03:57 --> Session: Class initialized using 'CodeIgniter\Session\Handlers\FileHandler' driver.
WARNING - 2024-04-05 03:10:49 --> [DEPRECATED] Creation of dynamic property App\Controllers\Wilayah::$ModelWilayah is deprecated in APPPATH\Controllers\Wilayah.php on line 14.
 1 SYSTEMPATH\CodeIgniter.php(915): App\Controllers\Wilayah->__construct()
 2 SYSTEMPATH\CodeIgniter.php(494): CodeIgniter\CodeIgniter->createController()
 3 SYSTEMPATH\CodeIgniter.php(361): CodeIgniter\CodeIgniter->handleRequest(null, Object(Config\Cache), false)
 4 FCPATH\index.php(79): CodeIgniter\CodeIgniter->run()
WARNING - 2024-04-05 03:10:49 --> [DEPRECATED] Creation of dynamic property App\Controllers\Wilayah::$ModelSetting is deprecated in APPPATH\Controllers\Wilayah.php on line 15.
 1 SYSTEMPATH\CodeIgniter.php(915): App\Controllers\Wilayah->__construct()
 2 SYSTEMPATH\CodeIgniter.php(494): CodeIgniter\CodeIgniter->createController()
 3 SYSTEMPATH\CodeIgniter.php(361): CodeIgniter\CodeIgniter->handleRequest(null, Object(Config\Cache), false)
 4 FCPATH\index.php(79): CodeIgniter\CodeIgniter->run()
INFO - 2024-04-05 03:10:49 --> Session: Class initialized using 'CodeIgniter\Session\Handlers\FileHandler' driver.
WARNING - 2024-04-05 03:11:38 --> [DEPRECATED] Creation of dynamic property App\Controllers\Admin::$ModelSetting is deprecated in APPPATH\Controllers\Admin.php on line 11.
 1 SYSTEMPATH\CodeIgniter.php(915): App\Controllers\Admin->__construct()
 2 SYSTEMPATH\CodeIgniter.php(494): CodeIgniter\CodeIgniter->createController()
 3 SYSTEMPATH\CodeIgniter.php(361): CodeIgniter\CodeIgniter->handleRequest(null, Object(Config\Cache), false)
 4 FCPATH\index.php(79): CodeIgniter\CodeIgniter->run()
INFO - 2024-04-05 03:11:38 --> Session: Class initialized using 'CodeIgniter\Session\Handlers\FileHandler' driver.
WARNING - 2024-04-05 03:11:48 --> [DEPRECATED] Creation of dynamic property App\Controllers\Admin::$ModelSetting is deprecated in APPPATH\Controllers\Admin.php on line 11.
 1 SYSTEMPATH\CodeIgniter.php(915): App\Controllers\Admin->__construct()
 2 SYSTEMPATH\CodeIgniter.php(494): CodeIgniter\CodeIgniter->createController()
 3 SYSTEMPATH\CodeIgniter.php(361): CodeIgniter\CodeIgniter->handleRequest(null, Object(Config\Cache), false)
 4 FCPATH\index.php(79): CodeIgniter\CodeIgniter->run()
INFO - 2024-04-05 03:11:48 --> Session: Class initialized using 'CodeIgniter\Session\Handlers\FileHandler' driver.
WARNING - 2024-04-05 03:11:58 --> [DEPRECATED] Creation of dynamic property App\Controllers\Admin::$ModelSetting is deprecated in APPPATH\Controllers\Admin.php on line 11.
 1 SYSTEMPATH\CodeIgniter.php(915): App\Controllers\Admin->__construct()
 2 SYSTEMPATH\CodeIgniter.php(494): CodeIgniter\CodeIgniter->createController()
 3 SYSTEMPATH\CodeIgniter.php(361): CodeIgniter\CodeIgniter->handleRequest(null, Object(Config\Cache), false)
 4 FCPATH\index.php(79): CodeIgniter\CodeIgniter->run()
WARNING - 2024-04-05 03:15:35 --> [DEPRECATED] Creation of dynamic property App\Controllers\Admin::$ModelSetting is deprecated in APPPATH\Controllers\Admin.php on line 11.
 1 SYSTEMPATH\CodeIgniter.php(915): App\Controllers\Admin->__construct()
 2 SYSTEMPATH\CodeIgniter.php(494): CodeIgniter\CodeIgniter->createController()
 3 SYSTEMPATH\CodeIgniter.php(361): CodeIgniter\CodeIgniter->handleRequest(null, Object(Config\Cache), false)
 4 FCPATH\index.php(79): CodeIgniter\CodeIgniter->run()
WARNING - 2024-04-05 03:16:16 --> [DEPRECATED] Creation of dynamic property App\Controllers\Admin::$ModelSetting is deprecated in APPPATH\Controllers\Admin.php on line 11.
 1 SYSTEMPATH\CodeIgniter.php(915): App\Controllers\Admin->__construct()
 2 SYSTEMPATH\CodeIgniter.php(494): CodeIgniter\CodeIgniter->createController()
 3 SYSTEMPATH\CodeIgniter.php(361): CodeIgniter\CodeIgniter->handleRequest(null, Object(Config\Cache), false)
 4 FCPATH\index.php(79): CodeIgniter\CodeIgniter->run()
WARNING - 2024-04-05 03:16:25 --> [DEPRECATED] Creation of dynamic property App\Controllers\Admin::$ModelSetting is deprecated in APPPATH\Controllers\Admin.php on line 11.
 1 SYSTEMPATH\CodeIgniter.php(915): App\Controllers\Admin->__construct()
 2 SYSTEMPATH\CodeIgniter.php(494): CodeIgniter\CodeIgniter->createController()
 3 SYSTEMPATH\CodeIgniter.php(361): CodeIgniter\CodeIgniter->handleRequest(null, Object(Config\Cache), false)
 4 FCPATH\index.php(79): CodeIgniter\CodeIgniter->run()
INFO - 2024-04-05 03:16:25 --> Session: Class initialized using 'CodeIgniter\Session\Handlers\FileHandler' driver.
WARNING - 2024-04-05 03:16:31 --> [DEPRECATED] Creation of dynamic property App\Controllers\Wilayah::$ModelWilayah is deprecated in APPPATH\Controllers\Wilayah.php on line 14.
 1 SYSTEMPATH\CodeIgniter.php(915): App\Controllers\Wilayah->__construct()
 2 SYSTEMPATH\CodeIgniter.php(494): CodeIgniter\CodeIgniter->createController()
 3 SYSTEMPATH\CodeIgniter.php(361): CodeIgniter\CodeIgniter->handleRequest(null, Object(Config\Cache), false)
 4 FCPATH\index.php(79): CodeIgniter\CodeIgniter->run()
WARNING - 2024-04-05 03:16:31 --> [DEPRECATED] Creation of dynamic property App\Controllers\Wilayah::$ModelSetting is deprecated in APPPATH\Controllers\Wilayah.php on line 15.
 1 SYSTEMPATH\CodeIgniter.php(915): App\Controllers\Wilayah->__construct()
 2 SYSTEMPATH\CodeIgniter.php(494): CodeIgniter\CodeIgniter->createController()
 3 SYSTEMPATH\CodeIgniter.php(361): CodeIgniter\CodeIgniter->handleRequest(null, Object(Config\Cache), false)
 4 FCPATH\index.php(79): CodeIgniter\CodeIgniter->run()
INFO - 2024-04-05 03:16:31 --> Session: Class initialized using 'CodeIgniter\Session\Handlers\FileHandler' driver.
WARNING - 2024-04-05 03:30:18 --> [DEPRECATED] Creation of dynamic property App\Controllers\Wilayah::$ModelWilayah is deprecated in APPPATH\Controllers\Wilayah.php on line 14.
 1 SYSTEMPATH\CodeIgniter.php(915): App\Controllers\Wilayah->__construct()
 2 SYSTEMPATH\CodeIgniter.php(494): CodeIgniter\CodeIgniter->createController()
 3 SYSTEMPATH\CodeIgniter.php(361): CodeIgniter\CodeIgniter->handleRequest(null, Object(Config\Cache), false)
 4 FCPATH\index.php(79): CodeIgniter\CodeIgniter->run()
WARNING - 2024-04-05 03:30:18 --> [DEPRECATED] Creation of dynamic property App\Controllers\Wilayah::$ModelSetting is deprecated in APPPATH\Controllers\Wilayah.php on line 15.
 1 SYSTEMPATH\CodeIgniter.php(915): App\Controllers\Wilayah->__construct()
 2 SYSTEMPATH\CodeIgniter.php(494): CodeIgniter\CodeIgniter->createController()
 3 SYSTEMPATH\CodeIgniter.php(361): CodeIgniter\CodeIgniter->handleRequest(null, Object(Config\Cache), false)
 4 FCPATH\index.php(79): CodeIgniter\CodeIgniter->run()
INFO - 2024-04-05 03:30:18 --> Session: Class initialized using 'CodeIgniter\Session\Handlers\FileHandler' driver.
WARNING - 2024-04-05 03:32:33 --> [DEPRECATED] Creation of dynamic property App\Controllers\Wilayah::$ModelWilayah is deprecated in APPPATH\Controllers\Wilayah.php on line 14.
 1 SYSTEMPATH\CodeIgniter.php(915): App\Controllers\Wilayah->__construct()
 2 SYSTEMPATH\CodeIgniter.php(494): CodeIgniter\CodeIgniter->createController()
 3 SYSTEMPATH\CodeIgniter.php(361): CodeIgniter\CodeIgniter->handleRequest(null, Object(Config\Cache), false)
 4 FCPATH\index.php(79): CodeIgniter\CodeIgniter->run()
WARNING - 2024-04-05 03:32:33 --> [DEPRECATED] Creation of dynamic property App\Controllers\Wilayah::$ModelSetting is deprecated in APPPATH\Controllers\Wilayah.php on line 15.
 1 SYSTEMPATH\CodeIgniter.php(915): App\Controllers\Wilayah->__construct()
 2 SYSTEMPATH\CodeIgniter.php(494): CodeIgniter\CodeIgniter->createController()
 3 SYSTEMPATH\CodeIgniter.php(361): CodeIgniter\CodeIgniter->handleRequest(null, Object(Config\Cache), false)
 4 FCPATH\index.php(79): CodeIgniter\CodeIgniter->run()
INFO - 2024-04-05 03:32:34 --> Session: Class initialized using 'CodeIgniter\Session\Handlers\FileHandler' driver.
WARNING - 2024-04-05 03:32:46 --> [DEPRECATED] Creation of dynamic property App\Controllers\Jenjang::$ModelJenjang is deprecated in APPPATH\Controllers\Jenjang.php on line 11.
 1 SYSTEMPATH\CodeIgniter.php(915): App\Controllers\Jenjang->__construct()
 2 SYSTEMPATH\CodeIgniter.php(494): CodeIgniter\CodeIgniter->createController()
 3 SYSTEMPATH\CodeIgniter.php(361): CodeIgniter\CodeIgniter->handleRequest(null, Object(Config\Cache), false)
 4 FCPATH\index.php(79): CodeIgniter\CodeIgniter->run()
WARNING - 2024-04-05 03:36:42 --> [DEPRECATED] Creation of dynamic property App\Controllers\Jenjang::$ModelJenjang is deprecated in APPPATH\Controllers\Jenjang.php on line 11.
 1 SYSTEMPATH\CodeIgniter.php(915): App\Controllers\Jenjang->__construct()
 2 SYSTEMPATH\CodeIgniter.php(494): CodeIgniter\CodeIgniter->createController()
 3 SYSTEMPATH\CodeIgniter.php(361): CodeIgniter\CodeIgniter->handleRequest(null, Object(Config\Cache), false)
 4 FCPATH\index.php(79): CodeIgniter\CodeIgniter->run()
INFO - 2024-04-05 03:36:42 --> Session: Class initialized using 'CodeIgniter\Session\Handlers\FileHandler' driver.
WARNING - 2024-04-05 03:37:15 --> [DEPRECATED] Creation of dynamic property App\Controllers\Jenjang::$ModelJenjang is deprecated in APPPATH\Controllers\Jenjang.php on line 11.
 1 SYSTEMPATH\CodeIgniter.php(915): App\Controllers\Jenjang->__construct()
 2 SYSTEMPATH\CodeIgniter.php(494): CodeIgniter\CodeIgniter->createController()
 3 SYSTEMPATH\CodeIgniter.php(361): CodeIgniter\CodeIgniter->handleRequest(null, Object(Config\Cache), false)
 4 FCPATH\index.php(79): CodeIgniter\CodeIgniter->run()
INFO - 2024-04-05 03:37:15 --> Session: Class initialized using 'CodeIgniter\Session\Handlers\FileHandler' driver.
WARNING - 2024-04-05 03:38:23 --> [DEPRECATED] Creation of dynamic property App\Controllers\Jenjang::$ModelJenjang is deprecated in APPPATH\Controllers\Jenjang.php on line 11.
 1 SYSTEMPATH\CodeIgniter.php(915): App\Controllers\Jenjang->__construct()
 2 SYSTEMPATH\CodeIgniter.php(494): CodeIgniter\CodeIgniter->createController()
 3 SYSTEMPATH\CodeIgniter.php(361): CodeIgniter\CodeIgniter->handleRequest(null, Object(Config\Cache), false)
 4 FCPATH\index.php(79): CodeIgniter\CodeIgniter->run()
INFO - 2024-04-05 03:38:23 --> Session: Class initialized using 'CodeIgniter\Session\Handlers\FileHandler' driver.
WARNING - 2024-04-05 03:39:39 --> [DEPRECATED] Creation of dynamic property App\Controllers\Jenjang::$ModelJenjang is deprecated in APPPATH\Controllers\Jenjang.php on line 11.
 1 SYSTEMPATH\CodeIgniter.php(915): App\Controllers\Jenjang->__construct()
 2 SYSTEMPATH\CodeIgniter.php(494): CodeIgniter\CodeIgniter->createController()
 3 SYSTEMPATH\CodeIgniter.php(361): CodeIgniter\CodeIgniter->handleRequest(null, Object(Config\Cache), false)
 4 FCPATH\index.php(79): CodeIgniter\CodeIgniter->run()
INFO - 2024-04-05 03:39:39 --> Session: Class initialized using 'CodeIgniter\Session\Handlers\FileHandler' driver.
WARNING - 2024-04-05 03:39:50 --> [DEPRECATED] Creation of dynamic property App\Controllers\Jenjang::$ModelJenjang is deprecated in APPPATH\Controllers\Jenjang.php on line 11.
 1 SYSTEMPATH\CodeIgniter.php(915): App\Controllers\Jenjang->__construct()
 2 SYSTEMPATH\CodeIgniter.php(494): CodeIgniter\CodeIgniter->createController()
 3 SYSTEMPATH\CodeIgniter.php(361): CodeIgniter\CodeIgniter->handleRequest(null, Object(Config\Cache), false)
 4 FCPATH\index.php(79): CodeIgniter\CodeIgniter->run()
INFO - 2024-04-05 03:39:50 --> Session: Class initialized using 'CodeIgniter\Session\Handlers\FileHandler' driver.
WARNING - 2024-04-05 03:40:48 --> [DEPRECATED] Creation of dynamic property App\Controllers\Jenjang::$ModelJenjang is deprecated in APPPATH\Controllers\Jenjang.php on line 11.
 1 SYSTEMPATH\CodeIgniter.php(915): App\Controllers\Jenjang->__construct()
 2 SYSTEMPATH\CodeIgniter.php(494): CodeIgniter\CodeIgniter->createController()
 3 SYSTEMPATH\CodeIgniter.php(361): CodeIgniter\CodeIgniter->handleRequest(null, Object(Config\Cache), false)
 4 FCPATH\index.php(79): CodeIgniter\CodeIgniter->run()
INFO - 2024-04-05 03:40:48 --> Session: Class initialized using 'CodeIgniter\Session\Handlers\FileHandler' driver.
WARNING - 2024-04-05 03:41:26 --> [DEPRECATED] Creation of dynamic property App\Controllers\Jenjang::$ModelJenjang is deprecated in APPPATH\Controllers\Jenjang.php on line 11.
 1 SYSTEMPATH\CodeIgniter.php(915): App\Controllers\Jenjang->__construct()
 2 SYSTEMPATH\CodeIgniter.php(494): CodeIgniter\CodeIgniter->createController()
 3 SYSTEMPATH\CodeIgniter.php(361): CodeIgniter\CodeIgniter->handleRequest(null, Object(Config\Cache), false)
 4 FCPATH\index.php(79): CodeIgniter\CodeIgniter->run()
INFO - 2024-04-05 03:41:26 --> Session: Class initialized using 'CodeIgniter\Session\Handlers\FileHandler' driver.
WARNING - 2024-04-05 03:42:38 --> [DEPRECATED] Creation of dynamic property App\Controllers\Jenjang::$ModelJenjang is deprecated in APPPATH\Controllers\Jenjang.php on line 11.
 1 SYSTEMPATH\CodeIgniter.php(915): App\Controllers\Jenjang->__construct()
 2 SYSTEMPATH\CodeIgniter.php(494): CodeIgniter\CodeIgniter->createController()
 3 SYSTEMPATH\CodeIgniter.php(361): CodeIgniter\CodeIgniter->handleRequest(null, Object(Config\Cache), false)
 4 FCPATH\index.php(79): CodeIgniter\CodeIgniter->run()
INFO - 2024-04-05 03:42:39 --> Session: Class initialized using 'CodeIgniter\Session\Handlers\FileHandler' driver.
WARNING - 2024-04-05 03:43:02 --> [DEPRECATED] Creation of dynamic property App\Controllers\Jenjang::$ModelJenjang is deprecated in APPPATH\Controllers\Jenjang.php on line 11.
 1 SYSTEMPATH\CodeIgniter.php(915): App\Controllers\Jenjang->__construct()
 2 SYSTEMPATH\CodeIgniter.php(494): CodeIgniter\CodeIgniter->createController()
 3 SYSTEMPATH\CodeIgniter.php(361): CodeIgniter\CodeIgniter->handleRequest(null, Object(Config\Cache), false)
 4 FCPATH\index.php(79): CodeIgniter\CodeIgniter->run()
INFO - 2024-04-05 03:43:02 --> Session: Class initialized using 'CodeIgniter\Session\Handlers\FileHandler' driver.
WARNING - 2024-04-05 03:46:43 --> [DEPRECATED] Creation of dynamic property App\Controllers\Jenjang::$ModelJenjang is deprecated in APPPATH\Controllers\Jenjang.php on line 11.
 1 SYSTEMPATH\CodeIgniter.php(915): App\Controllers\Jenjang->__construct()
 2 SYSTEMPATH\CodeIgniter.php(494): CodeIgniter\CodeIgniter->createController()
 3 SYSTEMPATH\CodeIgniter.php(361): CodeIgniter\CodeIgniter->handleRequest(null, Object(Config\Cache), false)
 4 FCPATH\index.php(79): CodeIgniter\CodeIgniter->run()
INFO - 2024-04-05 03:46:43 --> Session: Class initialized using 'CodeIgniter\Session\Handlers\FileHandler' driver.
WARNING - 2024-04-05 03:49:32 --> [DEPRECATED] Creation of dynamic property App\Controllers\Jenjang::$ModelJenjang is deprecated in APPPATH\Controllers\Jenjang.php on line 11.
 1 SYSTEMPATH\CodeIgniter.php(915): App\Controllers\Jenjang->__construct()
 2 SYSTEMPATH\CodeIgniter.php(494): CodeIgniter\CodeIgniter->createController()
 3 SYSTEMPATH\CodeIgniter.php(361): CodeIgniter\CodeIgniter->handleRequest(null, Object(Config\Cache), false)
 4 FCPATH\index.php(79): CodeIgniter\CodeIgniter->run()
INFO - 2024-04-05 03:49:33 --> Session: Class initialized using 'CodeIgniter\Session\Handlers\FileHandler' driver.
WARNING - 2024-04-05 03:50:04 --> [DEPRECATED] Creation of dynamic property App\Controllers\Jenjang::$ModelJenjang is deprecated in APPPATH\Controllers\Jenjang.php on line 11.
 1 SYSTEMPATH\CodeIgniter.php(915): App\Controllers\Jenjang->__construct()
 2 SYSTEMPATH\CodeIgniter.php(494): CodeIgniter\CodeIgniter->createController()
 3 SYSTEMPATH\CodeIgniter.php(361): CodeIgniter\CodeIgniter->handleRequest(null, Object(Config\Cache), false)
 4 FCPATH\index.php(79): CodeIgniter\CodeIgniter->run()
INFO - 2024-04-05 03:50:04 --> Session: Class initialized using 'CodeIgniter\Session\Handlers\FileHandler' driver.
WARNING - 2024-04-05 03:50:37 --> [DEPRECATED] Creation of dynamic property App\Controllers\Jenjang::$ModelJenjang is deprecated in APPPATH\Controllers\Jenjang.php on line 11.
 1 SYSTEMPATH\CodeIgniter.php(915): App\Controllers\Jenjang->__construct()
 2 SYSTEMPATH\CodeIgniter.php(494): CodeIgniter\CodeIgniter->createController()
 3 SYSTEMPATH\CodeIgniter.php(361): CodeIgniter\CodeIgniter->handleRequest(null, Object(Config\Cache), false)
 4 FCPATH\index.php(79): CodeIgniter\CodeIgniter->run()
INFO - 2024-04-05 03:50:37 --> Session: Class initialized using 'CodeIgniter\Session\Handlers\FileHandler' driver.
WARNING - 2024-04-05 03:54:08 --> [DEPRECATED] Creation of dynamic property App\Controllers\Jenjang::$ModelJenjang is deprecated in APPPATH\Controllers\Jenjang.php on line 11.
 1 SYSTEMPATH\CodeIgniter.php(915): App\Controllers\Jenjang->__construct()
 2 SYSTEMPATH\CodeIgniter.php(494): CodeIgniter\CodeIgniter->createController()
 3 SYSTEMPATH\CodeIgniter.php(361): CodeIgniter\CodeIgniter->handleRequest(null, Object(Config\Cache), false)
 4 FCPATH\index.php(79): CodeIgniter\CodeIgniter->run()
INFO - 2024-04-05 03:54:08 --> Session: Class initialized using 'CodeIgniter\Session\Handlers\FileHandler' driver.
WARNING - 2024-04-05 04:02:35 --> [DEPRECATED] Creation of dynamic property App\Controllers\Jenjang::$ModelJenjang is deprecated in APPPATH\Controllers\Jenjang.php on line 11.
 1 SYSTEMPATH\CodeIgniter.php(915): App\Controllers\Jenjang->__construct()
 2 SYSTEMPATH\CodeIgniter.php(494): CodeIgniter\CodeIgniter->createController()
 3 SYSTEMPATH\CodeIgniter.php(361): CodeIgniter\CodeIgniter->handleRequest(null, Object(Config\Cache), false)
 4 FCPATH\index.php(79): CodeIgniter\CodeIgniter->run()
INFO - 2024-04-05 04:02:35 --> Session: Class initialized using 'CodeIgniter\Session\Handlers\FileHandler' driver.
WARNING - 2024-04-05 04:04:52 --> [DEPRECATED] Creation of dynamic property App\Controllers\Jenjang::$ModelJenjang is deprecated in APPPATH\Controllers\Jenjang.php on line 11.
 1 SYSTEMPATH\CodeIgniter.php(915): App\Controllers\Jenjang->__construct()
 2 SYSTEMPATH\CodeIgniter.php(494): CodeIgniter\CodeIgniter->createController()
 3 SYSTEMPATH\CodeIgniter.php(361): CodeIgniter\CodeIgniter->handleRequest(null, Object(Config\Cache), false)
 4 FCPATH\index.php(79): CodeIgniter\CodeIgniter->run()
INFO - 2024-04-05 04:04:52 --> Session: Class initialized using 'CodeIgniter\Session\Handlers\FileHandler' driver.
WARNING - 2024-04-05 04:05:06 --> [DEPRECATED] Creation of dynamic property App\Controllers\Jenjang::$ModelJenjang is deprecated in APPPATH\Controllers\Jenjang.php on line 11.
 1 SYSTEMPATH\CodeIgniter.php(915): App\Controllers\Jenjang->__construct()
 2 SYSTEMPATH\CodeIgniter.php(494): CodeIgniter\CodeIgniter->createController()
 3 SYSTEMPATH\CodeIgniter.php(361): CodeIgniter\CodeIgniter->handleRequest(null, Object(Config\Cache), false)
 4 FCPATH\index.php(79): CodeIgniter\CodeIgniter->run()
CRITICAL - 2024-04-05 04:05:07 --> ErrorException: Undefined variable $nama_file
in APPPATH\Controllers\Jenjang.php on line 31.
 1 APPPATH\Controllers\Jenjang.php(31): CodeIgniter\Debug\Exceptions->errorHandler(2, 'Undefined variable $nama_file', 'C:\\xampp\\htdocs\\ci4-gis-sekolah\\app\\Controllers\\Jenjang.php', 31)
 2 SYSTEMPATH\CodeIgniter.php(943): App\Controllers\Jenjang->UpdateData('1')
 3 SYSTEMPATH\CodeIgniter.php(503): CodeIgniter\CodeIgniter->runController(Object(App\Controllers\Jenjang))
 4 SYSTEMPATH\CodeIgniter.php(361): CodeIgniter\CodeIgniter->handleRequest(null, Object(Config\Cache), false)
 5 FCPATH\index.php(79): CodeIgniter\CodeIgniter->run()
WARNING - 2024-04-05 04:05:30 --> [DEPRECATED] Creation of dynamic property App\Controllers\Jenjang::$ModelJenjang is deprecated in APPPATH\Controllers\Jenjang.php on line 11.
 1 SYSTEMPATH\CodeIgniter.php(915): App\Controllers\Jenjang->__construct()
 2 SYSTEMPATH\CodeIgniter.php(494): CodeIgniter\CodeIgniter->createController()
 3 SYSTEMPATH\CodeIgniter.php(361): CodeIgniter\CodeIgniter->handleRequest(null, Object(Config\Cache), false)
 4 FCPATH\index.php(79): CodeIgniter\CodeIgniter->run()
INFO - 2024-04-05 04:05:30 --> Session: Class initialized using 'CodeIgniter\Session\Handlers\FileHandler' driver.
WARNING - 2024-04-05 04:05:31 --> [DEPRECATED] Creation of dynamic property App\Controllers\Jenjang::$ModelJenjang is deprecated in APPPATH\Controllers\Jenjang.php on line 11.
 1 SYSTEMPATH\CodeIgniter.php(915): App\Controllers\Jenjang->__construct()
 2 SYSTEMPATH\CodeIgniter.php(494): CodeIgniter\CodeIgniter->createController()
 3 SYSTEMPATH\CodeIgniter.php(361): CodeIgniter\CodeIgniter->handleRequest(null, Object(Config\Cache), false)
 4 FCPATH\index.php(79): CodeIgniter\CodeIgniter->run()
INFO - 2024-04-05 04:05:31 --> Session: Class initialized using 'CodeIgniter\Session\Handlers\FileHandler' driver.
WARNING - 2024-04-05 04:07:04 --> [DEPRECATED] Creation of dynamic property App\Controllers\Jenjang::$ModelJenjang is deprecated in APPPATH\Controllers\Jenjang.php on line 11.
 1 SYSTEMPATH\CodeIgniter.php(915): App\Controllers\Jenjang->__construct()
 2 SYSTEMPATH\CodeIgniter.php(494): CodeIgniter\CodeIgniter->createController()
 3 SYSTEMPATH\CodeIgniter.php(361): CodeIgniter\CodeIgniter->handleRequest(null, Object(Config\Cache), false)
 4 FCPATH\index.php(79): CodeIgniter\CodeIgniter->run()
INFO - 2024-04-05 04:07:05 --> Session: Class initialized using 'CodeIgniter\Session\Handlers\FileHandler' driver.
WARNING - 2024-04-05 04:07:16 --> [DEPRECATED] Creation of dynamic property App\Controllers\Jenjang::$ModelJenjang is deprecated in APPPATH\Controllers\Jenjang.php on line 11.
 1 SYSTEMPATH\CodeIgniter.php(915): App\Controllers\Jenjang->__construct()
 2 SYSTEMPATH\CodeIgniter.php(494): CodeIgniter\CodeIgniter->createController()
 3 SYSTEMPATH\CodeIgniter.php(361): CodeIgniter\CodeIgniter->handleRequest(null, Object(Config\Cache), false)
 4 FCPATH\index.php(79): CodeIgniter\CodeIgniter->run()
INFO - 2024-04-05 04:07:16 --> Session: Class initialized using 'CodeIgniter\Session\Handlers\FileHandler' driver.
WARNING - 2024-04-05 04:07:17 --> [DEPRECATED] Creation of dynamic property App\Controllers\Jenjang::$ModelJenjang is deprecated in APPPATH\Controllers\Jenjang.php on line 11.
 1 SYSTEMPATH\CodeIgniter.php(915): App\Controllers\Jenjang->__construct()
 2 SYSTEMPATH\CodeIgniter.php(494): CodeIgniter\CodeIgniter->createController()
 3 SYSTEMPATH\CodeIgniter.php(361): CodeIgniter\CodeIgniter->handleRequest(null, Object(Config\Cache), false)
 4 FCPATH\index.php(79): CodeIgniter\CodeIgniter->run()
INFO - 2024-04-05 04:07:17 --> Session: Class initialized using 'CodeIgniter\Session\Handlers\FileHandler' driver.
WARNING - 2024-04-05 04:08:39 --> [DEPRECATED] Creation of dynamic property App\Controllers\Jenjang::$ModelJenjang is deprecated in APPPATH\Controllers\Jenjang.php on line 11.
 1 SYSTEMPATH\CodeIgniter.php(915): App\Controllers\Jenjang->__construct()
 2 SYSTEMPATH\CodeIgniter.php(494): CodeIgniter\CodeIgniter->createController()
 3 SYSTEMPATH\CodeIgniter.php(361): CodeIgniter\CodeIgniter->handleRequest(null, Object(Config\Cache), false)
 4 FCPATH\index.php(79): CodeIgniter\CodeIgniter->run()
INFO - 2024-04-05 04:08:39 --> Session: Class initialized using 'CodeIgniter\Session\Handlers\FileHandler' driver.
WARNING - 2024-04-05 04:08:40 --> [DEPRECATED] Creation of dynamic property App\Controllers\Jenjang::$ModelJenjang is deprecated in APPPATH\Controllers\Jenjang.php on line 11.
 1 SYSTEMPATH\CodeIgniter.php(915): App\Controllers\Jenjang->__construct()
 2 SYSTEMPATH\CodeIgniter.php(494): CodeIgniter\CodeIgniter->createController()
 3 SYSTEMPATH\CodeIgniter.php(361): CodeIgniter\CodeIgniter->handleRequest(null, Object(Config\Cache), false)
 4 FCPATH\index.php(79): CodeIgniter\CodeIgniter->run()
INFO - 2024-04-05 04:08:40 --> Session: Class initialized using 'CodeIgniter\Session\Handlers\FileHandler' driver.
WARNING - 2024-04-05 04:12:12 --> [DEPRECATED] Creation of dynamic property App\Controllers\Home::$ModelSetting is deprecated in APPPATH\Controllers\Home.php on line 10.
 1 SYSTEMPATH\CodeIgniter.php(915): App\Controllers\Home->__construct()
 2 SYSTEMPATH\CodeIgniter.php(494): CodeIgniter\CodeIgniter->createController()
 3 SYSTEMPATH\CodeIgniter.php(361): CodeIgniter\CodeIgniter->handleRequest(null, Object(Config\Cache), false)
 4 FCPATH\index.php(79): CodeIgniter\CodeIgniter->run()
CRITICAL - 2024-04-05 04:12:12 --> ErrorException: Undefined variable $web
in APPPATH\Views\v_home.php on line 63.
 1 APPPATH\Views\v_home.php(63): CodeIgniter\Debug\Exceptions->errorHandler(2, 'Undefined variable $web', 'C:\\xampp\\htdocs\\ci4-gis-sekolah\\app\\Views\\v_home.php', 63)
 2 SYSTEMPATH\View\View.php(228): include('C:\\xampp\\htdocs\\ci4-gis-sekolah\\app\\Views\\v_home.php')
 3 SYSTEMPATH\View\View.php(231): CodeIgniter\View\View->CodeIgniter\View\{closure}()
 4 SYSTEMPATH\Common.php(1178): CodeIgniter\View\View->render('v_home', [], true)
 5 APPPATH\Views\v_template_front_end.php(157): view('v_home')
 6 SYSTEMPATH\View\View.php(228): include('C:\\xampp\\htdocs\\ci4-gis-sekolah\\app\\Views\\v_template_front_end.php')
 7 SYSTEMPATH\View\View.php(231): CodeIgniter\View\View->CodeIgniter\View\{closure}()
 8 SYSTEMPATH\Common.php(1178): CodeIgniter\View\View->render('v_template_front_end', [], true)
 9 APPPATH\Controllers\Home.php(18): view('v_template_front_end', [...])
10 SYSTEMPATH\CodeIgniter.php(943): App\Controllers\Home->index()
11 SYSTEMPATH\CodeIgniter.php(503): CodeIgniter\CodeIgniter->runController(Object(App\Controllers\Home))
12 SYSTEMPATH\CodeIgniter.php(361): CodeIgniter\CodeIgniter->handleRequest(null, Object(Config\Cache), false)
13 FCPATH\index.php(79): CodeIgniter\CodeIgniter->run()
WARNING - 2024-04-05 04:14:20 --> [DEPRECATED] Creation of dynamic property App\Controllers\Home::$ModelSetting is deprecated in APPPATH\Controllers\Home.php on line 10.
 1 SYSTEMPATH\CodeIgniter.php(915): App\Controllers\Home->__construct()
 2 SYSTEMPATH\CodeIgniter.php(494): CodeIgniter\CodeIgniter->createController()
 3 SYSTEMPATH\CodeIgniter.php(361): CodeIgniter\CodeIgniter->handleRequest(null, Object(Config\Cache), false)
 4 FCPATH\index.php(79): CodeIgniter\CodeIgniter->run()
WARNING - 2024-04-05 04:16:25 --> [DEPRECATED] Creation of dynamic property App\Controllers\Home::$ModelWilayah is deprecated in APPPATH\Controllers\Home.php on line 11.
 1 SYSTEMPATH\CodeIgniter.php(915): App\Controllers\Home->__construct()
 2 SYSTEMPATH\CodeIgniter.php(494): CodeIgniter\CodeIgniter->createController()
 3 SYSTEMPATH\CodeIgniter.php(361): CodeIgniter\CodeIgniter->handleRequest(null, Object(Config\Cache), false)
 4 FCPATH\index.php(79): CodeIgniter\CodeIgniter->run()
WARNING - 2024-04-05 04:16:25 --> [DEPRECATED] Creation of dynamic property App\Controllers\Home::$ModelSetting is deprecated in APPPATH\Controllers\Home.php on line 12.
 1 SYSTEMPATH\CodeIgniter.php(915): App\Controllers\Home->__construct()
 2 SYSTEMPATH\CodeIgniter.php(494): CodeIgniter\CodeIgniter->createController()
 3 SYSTEMPATH\CodeIgniter.php(361): CodeIgniter\CodeIgniter->handleRequest(null, Object(Config\Cache), false)
 4 FCPATH\index.php(79): CodeIgniter\CodeIgniter->run()
WARNING - 2024-04-05 04:17:02 --> [DEPRECATED] Creation of dynamic property App\Controllers\Jenjang::$ModelJenjang is deprecated in APPPATH\Controllers\Jenjang.php on line 11.
 1 SYSTEMPATH\CodeIgniter.php(915): App\Controllers\Jenjang->__construct()
 2 SYSTEMPATH\CodeIgniter.php(494): CodeIgniter\CodeIgniter->createController()
 3 SYSTEMPATH\CodeIgniter.php(361): CodeIgniter\CodeIgniter->handleRequest(null, Object(Config\Cache), false)
 4 FCPATH\index.php(79): CodeIgniter\CodeIgniter->run()
INFO - 2024-04-05 04:17:02 --> Session: Class initialized using 'CodeIgniter\Session\Handlers\FileHandler' driver.
WARNING - 2024-04-05 04:18:25 --> [DEPRECATED] Creation of dynamic property App\Controllers\Wilayah::$ModelWilayah is deprecated in APPPATH\Controllers\Wilayah.php on line 14.
 1 SYSTEMPATH\CodeIgniter.php(915): App\Controllers\Wilayah->__construct()
 2 SYSTEMPATH\CodeIgniter.php(494): CodeIgniter\CodeIgniter->createController()
 3 SYSTEMPATH\CodeIgniter.php(361): CodeIgniter\CodeIgniter->handleRequest(null, Object(Config\Cache), false)
 4 FCPATH\index.php(79): CodeIgniter\CodeIgniter->run()
WARNING - 2024-04-05 04:18:25 --> [DEPRECATED] Creation of dynamic property App\Controllers\Wilayah::$ModelSetting is deprecated in APPPATH\Controllers\Wilayah.php on line 15.
 1 SYSTEMPATH\CodeIgniter.php(915): App\Controllers\Wilayah->__construct()
 2 SYSTEMPATH\CodeIgniter.php(494): CodeIgniter\CodeIgniter->createController()
 3 SYSTEMPATH\CodeIgniter.php(361): CodeIgniter\CodeIgniter->handleRequest(null, Object(Config\Cache), false)
 4 FCPATH\index.php(79): CodeIgniter\CodeIgniter->run()
INFO - 2024-04-05 04:18:26 --> Session: Class initialized using 'CodeIgniter\Session\Handlers\FileHandler' driver.
WARNING - 2024-04-05 04:36:36 --> [DEPRECATED] Creation of dynamic property App\Controllers\Sekolah::$ModelWilayah is deprecated in APPPATH\Controllers\Sekolah.php on line 12.
 1 SYSTEMPATH\CodeIgniter.php(915): App\Controllers\Sekolah->__construct()
 2 SYSTEMPATH\CodeIgniter.php(494): CodeIgniter\CodeIgniter->createController()
 3 SYSTEMPATH\CodeIgniter.php(361): CodeIgniter\CodeIgniter->handleRequest(null, Object(Config\Cache), false)
 4 FCPATH\index.php(79): CodeIgniter\CodeIgniter->run()
WARNING - 2024-04-05 04:36:36 --> [DEPRECATED] Creation of dynamic property App\Controllers\Sekolah::$ModelSetting is deprecated in APPPATH\Controllers\Sekolah.php on line 13.
 1 SYSTEMPATH\CodeIgniter.php(915): App\Controllers\Sekolah->__construct()
 2 SYSTEMPATH\CodeIgniter.php(494): CodeIgniter\CodeIgniter->createController()
 3 SYSTEMPATH\CodeIgniter.php(361): CodeIgniter\CodeIgniter->handleRequest(null, Object(Config\Cache), false)
 4 FCPATH\index.php(79): CodeIgniter\CodeIgniter->run()
CRITICAL - 2024-04-05 04:36:36 --> ErrorException: Undefined property: App\Controllers\Sekolah::$ModelSekolah
in APPPATH\Controllers\Sekolah.php on line 20.
 1 APPPATH\Controllers\Sekolah.php(20): CodeIgniter\Debug\Exceptions->errorHandler(2, 'Undefined property: App\\Controllers\\Sekolah::$ModelSekolah', 'C:\\xampp\\htdocs\\ci4-gis-sekolah\\app\\Controllers\\Sekolah.php', 20)
 2 SYSTEMPATH\CodeIgniter.php(943): App\Controllers\Sekolah->index()
 3 SYSTEMPATH\CodeIgniter.php(503): CodeIgniter\CodeIgniter->runController(Object(App\Controllers\Sekolah))
 4 SYSTEMPATH\CodeIgniter.php(361): CodeIgniter\CodeIgniter->handleRequest(null, Object(Config\Cache), false)
 5 FCPATH\index.php(79): CodeIgniter\CodeIgniter->run()
WARNING - 2024-04-05 04:38:08 --> [DEPRECATED] Creation of dynamic property App\Controllers\Sekolah::$ModelWilayah is deprecated in APPPATH\Controllers\Sekolah.php on line 13.
 1 SYSTEMPATH\CodeIgniter.php(915): App\Controllers\Sekolah->__construct()
 2 SYSTEMPATH\CodeIgniter.php(494): CodeIgniter\CodeIgniter->createController()
 3 SYSTEMPATH\CodeIgniter.php(361): CodeIgniter\CodeIgniter->handleRequest(null, Object(Config\Cache), false)
 4 FCPATH\index.php(79): CodeIgniter\CodeIgniter->run()
WARNING - 2024-04-05 04:38:08 --> [DEPRECATED] Creation of dynamic property App\Controllers\Sekolah::$ModelSetting is deprecated in APPPATH\Controllers\Sekolah.php on line 14.
 1 SYSTEMPATH\CodeIgniter.php(915): App\Controllers\Sekolah->__construct()
 2 SYSTEMPATH\CodeIgniter.php(494): CodeIgniter\CodeIgniter->createController()
 3 SYSTEMPATH\CodeIgniter.php(361): CodeIgniter\CodeIgniter->handleRequest(null, Object(Config\Cache), false)
 4 FCPATH\index.php(79): CodeIgniter\CodeIgniter->run()
WARNING - 2024-04-05 04:38:08 --> [DEPRECATED] Creation of dynamic property App\Controllers\Sekolah::$ModelSekolah is deprecated in APPPATH\Controllers\Sekolah.php on line 15.
 1 SYSTEMPATH\CodeIgniter.php(915): App\Controllers\Sekolah->__construct()
 2 SYSTEMPATH\CodeIgniter.php(494): CodeIgniter\CodeIgniter->createController()
 3 SYSTEMPATH\CodeIgniter.php(361): CodeIgniter\CodeIgniter->handleRequest(null, Object(Config\Cache), false)
 4 FCPATH\index.php(79): CodeIgniter\CodeIgniter->run()
INFO - 2024-04-05 04:38:08 --> Session: Class initialized using 'CodeIgniter\Session\Handlers\FileHandler' driver.
CRITICAL - 2024-04-05 04:38:08 --> ErrorException: Undefined variable $wilayah
in APPPATH\Views\sekolah\v_index.php on line 53.
 1 APPPATH\Views\sekolah\v_index.php(53): CodeIgniter\Debug\Exceptions->errorHandler(2, 'Undefined variable $wilayah', 'C:\\xampp\\htdocs\\ci4-gis-sekolah\\app\\Views\\sekolah\\v_index.php', 53)
 2 SYSTEMPATH\View\View.php(228): include('C:\\xampp\\htdocs\\ci4-gis-sekolah\\app\\Views\\sekolah\\v_index.php')
 3 SYSTEMPATH\View\View.php(231): CodeIgniter\View\View->CodeIgniter\View\{closure}()
 4 SYSTEMPATH\Common.php(1178): CodeIgniter\View\View->render('sekolah/v_index', [], true)
 5 APPPATH\Views\v_template_back_end.php(217): view('sekolah/v_index')
 6 SYSTEMPATH\View\View.php(228): include('C:\\xampp\\htdocs\\ci4-gis-sekolah\\app\\Views\\v_template_back_end.php')
 7 SYSTEMPATH\View\View.php(231): CodeIgniter\View\View->CodeIgniter\View\{closure}()
 8 SYSTEMPATH\Common.php(1178): CodeIgniter\View\View->render('v_template_back_end', [], true)
 9 APPPATH\Controllers\Sekolah.php(24): view('v_template_back_end', [...])
10 SYSTEMPATH\CodeIgniter.php(943): App\Controllers\Sekolah->index()
11 SYSTEMPATH\CodeIgniter.php(503): CodeIgniter\CodeIgniter->runController(Object(App\Controllers\Sekolah))
12 SYSTEMPATH\CodeIgniter.php(361): CodeIgniter\CodeIgniter->handleRequest(null, Object(Config\Cache), false)
13 FCPATH\index.php(79): CodeIgniter\CodeIgniter->run()
WARNING - 2024-04-05 04:39:16 --> [DEPRECATED] Creation of dynamic property App\Controllers\Sekolah::$ModelWilayah is deprecated in APPPATH\Controllers\Sekolah.php on line 13.
 1 SYSTEMPATH\CodeIgniter.php(915): App\Controllers\Sekolah->__construct()
 2 SYSTEMPATH\CodeIgniter.php(494): CodeIgniter\CodeIgniter->createController()
 3 SYSTEMPATH\CodeIgniter.php(361): CodeIgniter\CodeIgniter->handleRequest(null, Object(Config\Cache), false)
 4 FCPATH\index.php(79): CodeIgniter\CodeIgniter->run()
WARNING - 2024-04-05 04:39:16 --> [DEPRECATED] Creation of dynamic property App\Controllers\Sekolah::$ModelSetting is deprecated in APPPATH\Controllers\Sekolah.php on line 14.
 1 SYSTEMPATH\CodeIgniter.php(915): App\Controllers\Sekolah->__construct()
 2 SYSTEMPATH\CodeIgniter.php(494): CodeIgniter\CodeIgniter->createController()
 3 SYSTEMPATH\CodeIgniter.php(361): CodeIgniter\CodeIgniter->handleRequest(null, Object(Config\Cache), false)
 4 FCPATH\index.php(79): CodeIgniter\CodeIgniter->run()
WARNING - 2024-04-05 04:39:16 --> [DEPRECATED] Creation of dynamic property App\Controllers\Sekolah::$ModelSekolah is deprecated in APPPATH\Controllers\Sekolah.php on line 15.
 1 SYSTEMPATH\CodeIgniter.php(915): App\Controllers\Sekolah->__construct()
 2 SYSTEMPATH\CodeIgniter.php(494): CodeIgniter\CodeIgniter->createController()
 3 SYSTEMPATH\CodeIgniter.php(361): CodeIgniter\CodeIgniter->handleRequest(null, Object(Config\Cache), false)
 4 FCPATH\index.php(79): CodeIgniter\CodeIgniter->run()
INFO - 2024-04-05 04:39:17 --> Session: Class initialized using 'CodeIgniter\Session\Handlers\FileHandler' driver.
WARNING - 2024-04-05 04:40:00 --> [DEPRECATED] Creation of dynamic property App\Controllers\Sekolah::$ModelWilayah is deprecated in APPPATH\Controllers\Sekolah.php on line 13.
 1 SYSTEMPATH\CodeIgniter.php(915): App\Controllers\Sekolah->__construct()
 2 SYSTEMPATH\CodeIgniter.php(494): CodeIgniter\CodeIgniter->createController()
 3 SYSTEMPATH\CodeIgniter.php(361): CodeIgniter\CodeIgniter->handleRequest(null, Object(Config\Cache), false)
 4 FCPATH\index.php(79): CodeIgniter\CodeIgniter->run()
WARNING - 2024-04-05 04:40:00 --> [DEPRECATED] Creation of dynamic property App\Controllers\Sekolah::$ModelSetting is deprecated in APPPATH\Controllers\Sekolah.php on line 14.
 1 SYSTEMPATH\CodeIgniter.php(915): App\Controllers\Sekolah->__construct()
 2 SYSTEMPATH\CodeIgniter.php(494): CodeIgniter\CodeIgniter->createController()
 3 SYSTEMPATH\CodeIgniter.php(361): CodeIgniter\CodeIgniter->handleRequest(null, Object(Config\Cache), false)
 4 FCPATH\index.php(79): CodeIgniter\CodeIgniter->run()
WARNING - 2024-04-05 04:40:00 --> [DEPRECATED] Creation of dynamic property App\Controllers\Sekolah::$ModelSekolah is deprecated in APPPATH\Controllers\Sekolah.php on line 15.
 1 SYSTEMPATH\CodeIgniter.php(915): App\Controllers\Sekolah->__construct()
 2 SYSTEMPATH\CodeIgniter.php(494): CodeIgniter\CodeIgniter->createController()
 3 SYSTEMPATH\CodeIgniter.php(361): CodeIgniter\CodeIgniter->handleRequest(null, Object(Config\Cache), false)
 4 FCPATH\index.php(79): CodeIgniter\CodeIgniter->run()
INFO - 2024-04-05 04:40:01 --> Session: Class initialized using 'CodeIgniter\Session\Handlers\FileHandler' driver.
WARNING - 2024-04-05 04:41:00 --> [DEPRECATED] Creation of dynamic property App\Controllers\Sekolah::$ModelWilayah is deprecated in APPPATH\Controllers\Sekolah.php on line 13.
 1 SYSTEMPATH\CodeIgniter.php(915): App\Controllers\Sekolah->__construct()
 2 SYSTEMPATH\CodeIgniter.php(494): CodeIgniter\CodeIgniter->createController()
 3 SYSTEMPATH\CodeIgniter.php(361): CodeIgniter\CodeIgniter->handleRequest(null, Object(Config\Cache), false)
 4 FCPATH\index.php(79): CodeIgniter\CodeIgniter->run()
WARNING - 2024-04-05 04:41:00 --> [DEPRECATED] Creation of dynamic property App\Controllers\Sekolah::$ModelSetting is deprecated in APPPATH\Controllers\Sekolah.php on line 14.
 1 SYSTEMPATH\CodeIgniter.php(915): App\Controllers\Sekolah->__construct()
 2 SYSTEMPATH\CodeIgniter.php(494): CodeIgniter\CodeIgniter->createController()
 3 SYSTEMPATH\CodeIgniter.php(361): CodeIgniter\CodeIgniter->handleRequest(null, Object(Config\Cache), false)
 4 FCPATH\index.php(79): CodeIgniter\CodeIgniter->run()
WARNING - 2024-04-05 04:41:00 --> [DEPRECATED] Creation of dynamic property App\Controllers\Sekolah::$ModelSekolah is deprecated in APPPATH\Controllers\Sekolah.php on line 15.
 1 SYSTEMPATH\CodeIgniter.php(915): App\Controllers\Sekolah->__construct()
 2 SYSTEMPATH\CodeIgniter.php(494): CodeIgniter\CodeIgniter->createController()
 3 SYSTEMPATH\CodeIgniter.php(361): CodeIgniter\CodeIgniter->handleRequest(null, Object(Config\Cache), false)
 4 FCPATH\index.php(79): CodeIgniter\CodeIgniter->run()
INFO - 2024-04-05 04:41:00 --> Session: Class initialized using 'CodeIgniter\Session\Handlers\FileHandler' driver.
WARNING - 2024-04-05 04:48:05 --> [DEPRECATED] Creation of dynamic property App\Controllers\Sekolah::$ModelWilayah is deprecated in APPPATH\Controllers\Sekolah.php on line 13.
 1 SYSTEMPATH\CodeIgniter.php(915): App\Controllers\Sekolah->__construct()
 2 SYSTEMPATH\CodeIgniter.php(494): CodeIgniter\CodeIgniter->createController()
 3 SYSTEMPATH\CodeIgniter.php(361): CodeIgniter\CodeIgniter->handleRequest(null, Object(Config\Cache), false)
 4 FCPATH\index.php(79): CodeIgniter\CodeIgniter->run()
WARNING - 2024-04-05 04:48:05 --> [DEPRECATED] Creation of dynamic property App\Controllers\Sekolah::$ModelSetting is deprecated in APPPATH\Controllers\Sekolah.php on line 14.
 1 SYSTEMPATH\CodeIgniter.php(915): App\Controllers\Sekolah->__construct()
 2 SYSTEMPATH\CodeIgniter.php(494): CodeIgniter\CodeIgniter->createController()
 3 SYSTEMPATH\CodeIgniter.php(361): CodeIgniter\CodeIgniter->handleRequest(null, Object(Config\Cache), false)
 4 FCPATH\index.php(79): CodeIgniter\CodeIgniter->run()
WARNING - 2024-04-05 04:48:05 --> [DEPRECATED] Creation of dynamic property App\Controllers\Sekolah::$ModelSekolah is deprecated in APPPATH\Controllers\Sekolah.php on line 15.
 1 SYSTEMPATH\CodeIgniter.php(915): App\Controllers\Sekolah->__construct()
 2 SYSTEMPATH\CodeIgniter.php(494): CodeIgniter\CodeIgniter->createController()
 3 SYSTEMPATH\CodeIgniter.php(361): CodeIgniter\CodeIgniter->handleRequest(null, Object(Config\Cache), false)
 4 FCPATH\index.php(79): CodeIgniter\CodeIgniter->run()
INFO - 2024-04-05 04:48:05 --> Session: Class initialized using 'CodeIgniter\Session\Handlers\FileHandler' driver.
WARNING - 2024-04-05 04:49:03 --> [DEPRECATED] Creation of dynamic property App\Controllers\Sekolah::$ModelWilayah is deprecated in APPPATH\Controllers\Sekolah.php on line 13.
 1 SYSTEMPATH\CodeIgniter.php(915): App\Controllers\Sekolah->__construct()
 2 SYSTEMPATH\CodeIgniter.php(494): CodeIgniter\CodeIgniter->createController()
 3 SYSTEMPATH\CodeIgniter.php(361): CodeIgniter\CodeIgniter->handleRequest(null, Object(Config\Cache), false)
 4 FCPATH\index.php(79): CodeIgniter\CodeIgniter->run()
WARNING - 2024-04-05 04:49:03 --> [DEPRECATED] Creation of dynamic property App\Controllers\Sekolah::$ModelSetting is deprecated in APPPATH\Controllers\Sekolah.php on line 14.
 1 SYSTEMPATH\CodeIgniter.php(915): App\Controllers\Sekolah->__construct()
 2 SYSTEMPATH\CodeIgniter.php(494): CodeIgniter\CodeIgniter->createController()
 3 SYSTEMPATH\CodeIgniter.php(361): CodeIgniter\CodeIgniter->handleRequest(null, Object(Config\Cache), false)
 4 FCPATH\index.php(79): CodeIgniter\CodeIgniter->run()
WARNING - 2024-04-05 04:49:03 --> [DEPRECATED] Creation of dynamic property App\Controllers\Sekolah::$ModelSekolah is deprecated in APPPATH\Controllers\Sekolah.php on line 15.
 1 SYSTEMPATH\CodeIgniter.php(915): App\Controllers\Sekolah->__construct()
 2 SYSTEMPATH\CodeIgniter.php(494): CodeIgniter\CodeIgniter->createController()
 3 SYSTEMPATH\CodeIgniter.php(361): CodeIgniter\CodeIgniter->handleRequest(null, Object(Config\Cache), false)
 4 FCPATH\index.php(79): CodeIgniter\CodeIgniter->run()
INFO - 2024-04-05 04:49:03 --> Session: Class initialized using 'CodeIgniter\Session\Handlers\FileHandler' driver.
WARNING - 2024-04-05 04:50:26 --> [DEPRECATED] Creation of dynamic property App\Controllers\Sekolah::$ModelWilayah is deprecated in APPPATH\Controllers\Sekolah.php on line 13.
 1 SYSTEMPATH\CodeIgniter.php(915): App\Controllers\Sekolah->__construct()
 2 SYSTEMPATH\CodeIgniter.php(494): CodeIgniter\CodeIgniter->createController()
 3 SYSTEMPATH\CodeIgniter.php(361): CodeIgniter\CodeIgniter->handleRequest(null, Object(Config\Cache), false)
 4 FCPATH\index.php(79): CodeIgniter\CodeIgniter->run()
WARNING - 2024-04-05 04:50:26 --> [DEPRECATED] Creation of dynamic property App\Controllers\Sekolah::$ModelSetting is deprecated in APPPATH\Controllers\Sekolah.php on line 14.
 1 SYSTEMPATH\CodeIgniter.php(915): App\Controllers\Sekolah->__construct()
 2 SYSTEMPATH\CodeIgniter.php(494): CodeIgniter\CodeIgniter->createController()
 3 SYSTEMPATH\CodeIgniter.php(361): CodeIgniter\CodeIgniter->handleRequest(null, Object(Config\Cache), false)
 4 FCPATH\index.php(79): CodeIgniter\CodeIgniter->run()
WARNING - 2024-04-05 04:50:26 --> [DEPRECATED] Creation of dynamic property App\Controllers\Sekolah::$ModelSekolah is deprecated in APPPATH\Controllers\Sekolah.php on line 15.
 1 SYSTEMPATH\CodeIgniter.php(915): App\Controllers\Sekolah->__construct()
 2 SYSTEMPATH\CodeIgniter.php(494): CodeIgniter\CodeIgniter->createController()
 3 SYSTEMPATH\CodeIgniter.php(361): CodeIgniter\CodeIgniter->handleRequest(null, Object(Config\Cache), false)
 4 FCPATH\index.php(79): CodeIgniter\CodeIgniter->run()
INFO - 2024-04-05 04:50:26 --> Session: Class initialized using 'CodeIgniter\Session\Handlers\FileHandler' driver.
WARNING - 2024-04-05 04:51:32 --> [DEPRECATED] Creation of dynamic property App\Controllers\Sekolah::$ModelWilayah is deprecated in APPPATH\Controllers\Sekolah.php on line 13.
 1 SYSTEMPATH\CodeIgniter.php(915): App\Controllers\Sekolah->__construct()
 2 SYSTEMPATH\CodeIgniter.php(494): CodeIgniter\CodeIgniter->createController()
 3 SYSTEMPATH\CodeIgniter.php(361): CodeIgniter\CodeIgniter->handleRequest(null, Object(Config\Cache), false)
 4 FCPATH\index.php(79): CodeIgniter\CodeIgniter->run()
WARNING - 2024-04-05 04:51:32 --> [DEPRECATED] Creation of dynamic property App\Controllers\Sekolah::$ModelSetting is deprecated in APPPATH\Controllers\Sekolah.php on line 14.
 1 SYSTEMPATH\CodeIgniter.php(915): App\Controllers\Sekolah->__construct()
 2 SYSTEMPATH\CodeIgniter.php(494): CodeIgniter\CodeIgniter->createController()
 3 SYSTEMPATH\CodeIgniter.php(361): CodeIgniter\CodeIgniter->handleRequest(null, Object(Config\Cache), false)
 4 FCPATH\index.php(79): CodeIgniter\CodeIgniter->run()
WARNING - 2024-04-05 04:51:32 --> [DEPRECATED] Creation of dynamic property App\Controllers\Sekolah::$ModelSekolah is deprecated in APPPATH\Controllers\Sekolah.php on line 15.
 1 SYSTEMPATH\CodeIgniter.php(915): App\Controllers\Sekolah->__construct()
 2 SYSTEMPATH\CodeIgniter.php(494): CodeIgniter\CodeIgniter->createController()
 3 SYSTEMPATH\CodeIgniter.php(361): CodeIgniter\CodeIgniter->handleRequest(null, Object(Config\Cache), false)
 4 FCPATH\index.php(79): CodeIgniter\CodeIgniter->run()
INFO - 2024-04-05 04:51:33 --> Session: Class initialized using 'CodeIgniter\Session\Handlers\FileHandler' driver.
WARNING - 2024-04-05 04:52:02 --> [DEPRECATED] Creation of dynamic property App\Controllers\Sekolah::$ModelWilayah is deprecated in APPPATH\Controllers\Sekolah.php on line 13.
 1 SYSTEMPATH\CodeIgniter.php(915): App\Controllers\Sekolah->__construct()
 2 SYSTEMPATH\CodeIgniter.php(494): CodeIgniter\CodeIgniter->createController()
 3 SYSTEMPATH\CodeIgniter.php(361): CodeIgniter\CodeIgniter->handleRequest(null, Object(Config\Cache), false)
 4 FCPATH\index.php(79): CodeIgniter\CodeIgniter->run()
WARNING - 2024-04-05 04:52:02 --> [DEPRECATED] Creation of dynamic property App\Controllers\Sekolah::$ModelSetting is deprecated in APPPATH\Controllers\Sekolah.php on line 14.
 1 SYSTEMPATH\CodeIgniter.php(915): App\Controllers\Sekolah->__construct()
 2 SYSTEMPATH\CodeIgniter.php(494): CodeIgniter\CodeIgniter->createController()
 3 SYSTEMPATH\CodeIgniter.php(361): CodeIgniter\CodeIgniter->handleRequest(null, Object(Config\Cache), false)
 4 FCPATH\index.php(79): CodeIgniter\CodeIgniter->run()
WARNING - 2024-04-05 04:52:02 --> [DEPRECATED] Creation of dynamic property App\Controllers\Sekolah::$ModelSekolah is deprecated in APPPATH\Controllers\Sekolah.php on line 15.
 1 SYSTEMPATH\CodeIgniter.php(915): App\Controllers\Sekolah->__construct()
 2 SYSTEMPATH\CodeIgniter.php(494): CodeIgniter\CodeIgniter->createController()
 3 SYSTEMPATH\CodeIgniter.php(361): CodeIgniter\CodeIgniter->handleRequest(null, Object(Config\Cache), false)
 4 FCPATH\index.php(79): CodeIgniter\CodeIgniter->run()
INFO - 2024-04-05 04:52:02 --> Session: Class initialized using 'CodeIgniter\Session\Handlers\FileHandler' driver.
WARNING - 2024-04-05 04:53:40 --> [DEPRECATED] Creation of dynamic property App\Controllers\Sekolah::$ModelWilayah is deprecated in APPPATH\Controllers\Sekolah.php on line 13.
 1 SYSTEMPATH\CodeIgniter.php(915): App\Controllers\Sekolah->__construct()
 2 SYSTEMPATH\CodeIgniter.php(494): CodeIgniter\CodeIgniter->createController()
 3 SYSTEMPATH\CodeIgniter.php(361): CodeIgniter\CodeIgniter->handleRequest(null, Object(Config\Cache), false)
 4 FCPATH\index.php(79): CodeIgniter\CodeIgniter->run()
WARNING - 2024-04-05 04:53:40 --> [DEPRECATED] Creation of dynamic property App\Controllers\Sekolah::$ModelSetting is deprecated in APPPATH\Controllers\Sekolah.php on line 14.
 1 SYSTEMPATH\CodeIgniter.php(915): App\Controllers\Sekolah->__construct()
 2 SYSTEMPATH\CodeIgniter.php(494): CodeIgniter\CodeIgniter->createController()
 3 SYSTEMPATH\CodeIgniter.php(361): CodeIgniter\CodeIgniter->handleRequest(null, Object(Config\Cache), false)
 4 FCPATH\index.php(79): CodeIgniter\CodeIgniter->run()
WARNING - 2024-04-05 04:53:40 --> [DEPRECATED] Creation of dynamic property App\Controllers\Sekolah::$ModelSekolah is deprecated in APPPATH\Controllers\Sekolah.php on line 15.
 1 SYSTEMPATH\CodeIgniter.php(915): App\Controllers\Sekolah->__construct()
 2 SYSTEMPATH\CodeIgniter.php(494): CodeIgniter\CodeIgniter->createController()
 3 SYSTEMPATH\CodeIgniter.php(361): CodeIgniter\CodeIgniter->handleRequest(null, Object(Config\Cache), false)
 4 FCPATH\index.php(79): CodeIgniter\CodeIgniter->run()
INFO - 2024-04-05 04:53:40 --> Session: Class initialized using 'CodeIgniter\Session\Handlers\FileHandler' driver.
WARNING - 2024-04-05 04:56:08 --> [DEPRECATED] Creation of dynamic property App\Controllers\Sekolah::$ModelWilayah is deprecated in APPPATH\Controllers\Sekolah.php on line 13.
 1 SYSTEMPATH\CodeIgniter.php(915): App\Controllers\Sekolah->__construct()
 2 SYSTEMPATH\CodeIgniter.php(494): CodeIgniter\CodeIgniter->createController()
 3 SYSTEMPATH\CodeIgniter.php(361): CodeIgniter\CodeIgniter->handleRequest(null, Object(Config\Cache), false)
 4 FCPATH\index.php(79): CodeIgniter\CodeIgniter->run()
WARNING - 2024-04-05 04:56:08 --> [DEPRECATED] Creation of dynamic property App\Controllers\Sekolah::$ModelSetting is deprecated in APPPATH\Controllers\Sekolah.php on line 14.
 1 SYSTEMPATH\CodeIgniter.php(915): App\Controllers\Sekolah->__construct()
 2 SYSTEMPATH\CodeIgniter.php(494): CodeIgniter\CodeIgniter->createController()
 3 SYSTEMPATH\CodeIgniter.php(361): CodeIgniter\CodeIgniter->handleRequest(null, Object(Config\Cache), false)
 4 FCPATH\index.php(79): CodeIgniter\CodeIgniter->run()
WARNING - 2024-04-05 04:56:08 --> [DEPRECATED] Creation of dynamic property App\Controllers\Sekolah::$ModelSekolah is deprecated in APPPATH\Controllers\Sekolah.php on line 15.
 1 SYSTEMPATH\CodeIgniter.php(915): App\Controllers\Sekolah->__construct()
 2 SYSTEMPATH\CodeIgniter.php(494): CodeIgniter\CodeIgniter->createController()
 3 SYSTEMPATH\CodeIgniter.php(361): CodeIgniter\CodeIgniter->handleRequest(null, Object(Config\Cache), false)
 4 FCPATH\index.php(79): CodeIgniter\CodeIgniter->run()
INFO - 2024-04-05 04:56:09 --> Session: Class initialized using 'CodeIgniter\Session\Handlers\FileHandler' driver.
WARNING - 2024-04-05 04:56:29 --> [DEPRECATED] Creation of dynamic property App\Controllers\Sekolah::$ModelWilayah is deprecated in APPPATH\Controllers\Sekolah.php on line 13.
 1 SYSTEMPATH\CodeIgniter.php(915): App\Controllers\Sekolah->__construct()
 2 SYSTEMPATH\CodeIgniter.php(494): CodeIgniter\CodeIgniter->createController()
 3 SYSTEMPATH\CodeIgniter.php(361): CodeIgniter\CodeIgniter->handleRequest(null, Object(Config\Cache), false)
 4 FCPATH\index.php(79): CodeIgniter\CodeIgniter->run()
WARNING - 2024-04-05 04:56:29 --> [DEPRECATED] Creation of dynamic property App\Controllers\Sekolah::$ModelSetting is deprecated in APPPATH\Controllers\Sekolah.php on line 14.
 1 SYSTEMPATH\CodeIgniter.php(915): App\Controllers\Sekolah->__construct()
 2 SYSTEMPATH\CodeIgniter.php(494): CodeIgniter\CodeIgniter->createController()
 3 SYSTEMPATH\CodeIgniter.php(361): CodeIgniter\CodeIgniter->handleRequest(null, Object(Config\Cache), false)
 4 FCPATH\index.php(79): CodeIgniter\CodeIgniter->run()
WARNING - 2024-04-05 04:56:29 --> [DEPRECATED] Creation of dynamic property App\Controllers\Sekolah::$ModelSekolah is deprecated in APPPATH\Controllers\Sekolah.php on line 15.
 1 SYSTEMPATH\CodeIgniter.php(915): App\Controllers\Sekolah->__construct()
 2 SYSTEMPATH\CodeIgniter.php(494): CodeIgniter\CodeIgniter->createController()
 3 SYSTEMPATH\CodeIgniter.php(361): CodeIgniter\CodeIgniter->handleRequest(null, Object(Config\Cache), false)
 4 FCPATH\index.php(79): CodeIgniter\CodeIgniter->run()
INFO - 2024-04-05 04:56:29 --> Session: Class initialized using 'CodeIgniter\Session\Handlers\FileHandler' driver.
WARNING - 2024-04-05 04:58:44 --> [DEPRECATED] Creation of dynamic property App\Controllers\Sekolah::$ModelWilayah is deprecated in APPPATH\Controllers\Sekolah.php on line 13.
 1 SYSTEMPATH\CodeIgniter.php(915): App\Controllers\Sekolah->__construct()
 2 SYSTEMPATH\CodeIgniter.php(494): CodeIgniter\CodeIgniter->createController()
 3 SYSTEMPATH\CodeIgniter.php(361): CodeIgniter\CodeIgniter->handleRequest(null, Object(Config\Cache), false)
 4 FCPATH\index.php(79): CodeIgniter\CodeIgniter->run()
WARNING - 2024-04-05 04:58:44 --> [DEPRECATED] Creation of dynamic property App\Controllers\Sekolah::$ModelSetting is deprecated in APPPATH\Controllers\Sekolah.php on line 14.
 1 SYSTEMPATH\CodeIgniter.php(915): App\Controllers\Sekolah->__construct()
 2 SYSTEMPATH\CodeIgniter.php(494): CodeIgniter\CodeIgniter->createController()
 3 SYSTEMPATH\CodeIgniter.php(361): CodeIgniter\CodeIgniter->handleRequest(null, Object(Config\Cache), false)
 4 FCPATH\index.php(79): CodeIgniter\CodeIgniter->run()
WARNING - 2024-04-05 04:58:44 --> [DEPRECATED] Creation of dynamic property App\Controllers\Sekolah::$ModelSekolah is deprecated in APPPATH\Controllers\Sekolah.php on line 15.
 1 SYSTEMPATH\CodeIgniter.php(915): App\Controllers\Sekolah->__construct()
 2 SYSTEMPATH\CodeIgniter.php(494): CodeIgniter\CodeIgniter->createController()
 3 SYSTEMPATH\CodeIgniter.php(361): CodeIgniter\CodeIgniter->handleRequest(null, Object(Config\Cache), false)
 4 FCPATH\index.php(79): CodeIgniter\CodeIgniter->run()
INFO - 2024-04-05 04:58:44 --> Session: Class initialized using 'CodeIgniter\Session\Handlers\FileHandler' driver.
WARNING - 2024-04-05 04:58:49 --> [DEPRECATED] Creation of dynamic property App\Controllers\Sekolah::$ModelWilayah is deprecated in APPPATH\Controllers\Sekolah.php on line 13.
 1 SYSTEMPATH\CodeIgniter.php(915): App\Controllers\Sekolah->__construct()
 2 SYSTEMPATH\CodeIgniter.php(494): CodeIgniter\CodeIgniter->createController()
 3 SYSTEMPATH\CodeIgniter.php(361): CodeIgniter\CodeIgniter->handleRequest(null, Object(Config\Cache), false)
 4 FCPATH\index.php(79): CodeIgniter\CodeIgniter->run()
WARNING - 2024-04-05 04:58:49 --> [DEPRECATED] Creation of dynamic property App\Controllers\Sekolah::$ModelSetting is deprecated in APPPATH\Controllers\Sekolah.php on line 14.
 1 SYSTEMPATH\CodeIgniter.php(915): App\Controllers\Sekolah->__construct()
 2 SYSTEMPATH\CodeIgniter.php(494): CodeIgniter\CodeIgniter->createController()
 3 SYSTEMPATH\CodeIgniter.php(361): CodeIgniter\CodeIgniter->handleRequest(null, Object(Config\Cache), false)
 4 FCPATH\index.php(79): CodeIgniter\CodeIgniter->run()
WARNING - 2024-04-05 04:58:49 --> [DEPRECATED] Creation of dynamic property App\Controllers\Sekolah::$ModelSekolah is deprecated in APPPATH\Controllers\Sekolah.php on line 15.
 1 SYSTEMPATH\CodeIgniter.php(915): App\Controllers\Sekolah->__construct()
 2 SYSTEMPATH\CodeIgniter.php(494): CodeIgniter\CodeIgniter->createController()
 3 SYSTEMPATH\CodeIgniter.php(361): CodeIgniter\CodeIgniter->handleRequest(null, Object(Config\Cache), false)
 4 FCPATH\index.php(79): CodeIgniter\CodeIgniter->run()
INFO - 2024-04-05 04:58:49 --> Session: Class initialized using 'CodeIgniter\Session\Handlers\FileHandler' driver.
WARNING - 2024-04-05 04:59:00 --> [DEPRECATED] Creation of dynamic property App\Controllers\Wilayah::$ModelWilayah is deprecated in APPPATH\Controllers\Wilayah.php on line 14.
 1 SYSTEMPATH\CodeIgniter.php(915): App\Controllers\Wilayah->__construct()
 2 SYSTEMPATH\CodeIgniter.php(494): CodeIgniter\CodeIgniter->createController()
 3 SYSTEMPATH\CodeIgniter.php(361): CodeIgniter\CodeIgniter->handleRequest(null, Object(Config\Cache), false)
 4 FCPATH\index.php(79): CodeIgniter\CodeIgniter->run()
WARNING - 2024-04-05 04:59:00 --> [DEPRECATED] Creation of dynamic property App\Controllers\Wilayah::$ModelSetting is deprecated in APPPATH\Controllers\Wilayah.php on line 15.
 1 SYSTEMPATH\CodeIgniter.php(915): App\Controllers\Wilayah->__construct()
 2 SYSTEMPATH\CodeIgniter.php(494): CodeIgniter\CodeIgniter->createController()
 3 SYSTEMPATH\CodeIgniter.php(361): CodeIgniter\CodeIgniter->handleRequest(null, Object(Config\Cache), false)
 4 FCPATH\index.php(79): CodeIgniter\CodeIgniter->run()
INFO - 2024-04-05 04:59:00 --> Session: Class initialized using 'CodeIgniter\Session\Handlers\FileHandler' driver.
WARNING - 2024-04-05 04:59:40 --> [DEPRECATED] Creation of dynamic property App\Controllers\Sekolah::$ModelWilayah is deprecated in APPPATH\Controllers\Sekolah.php on line 13.
 1 SYSTEMPATH\CodeIgniter.php(915): App\Controllers\Sekolah->__construct()
 2 SYSTEMPATH\CodeIgniter.php(494): CodeIgniter\CodeIgniter->createController()
 3 SYSTEMPATH\CodeIgniter.php(361): CodeIgniter\CodeIgniter->handleRequest(null, Object(Config\Cache), false)
 4 FCPATH\index.php(79): CodeIgniter\CodeIgniter->run()
WARNING - 2024-04-05 04:59:40 --> [DEPRECATED] Creation of dynamic property App\Controllers\Sekolah::$ModelSetting is deprecated in APPPATH\Controllers\Sekolah.php on line 14.
 1 SYSTEMPATH\CodeIgniter.php(915): App\Controllers\Sekolah->__construct()
 2 SYSTEMPATH\CodeIgniter.php(494): CodeIgniter\CodeIgniter->createController()
 3 SYSTEMPATH\CodeIgniter.php(361): CodeIgniter\CodeIgniter->handleRequest(null, Object(Config\Cache), false)
 4 FCPATH\index.php(79): CodeIgniter\CodeIgniter->run()
WARNING - 2024-04-05 04:59:40 --> [DEPRECATED] Creation of dynamic property App\Controllers\Sekolah::$ModelSekolah is deprecated in APPPATH\Controllers\Sekolah.php on line 15.
 1 SYSTEMPATH\CodeIgniter.php(915): App\Controllers\Sekolah->__construct()
 2 SYSTEMPATH\CodeIgniter.php(494): CodeIgniter\CodeIgniter->createController()
 3 SYSTEMPATH\CodeIgniter.php(361): CodeIgniter\CodeIgniter->handleRequest(null, Object(Config\Cache), false)
 4 FCPATH\index.php(79): CodeIgniter\CodeIgniter->run()
INFO - 2024-04-05 04:59:40 --> Session: Class initialized using 'CodeIgniter\Session\Handlers\FileHandler' driver.
WARNING - 2024-04-05 05:03:51 --> [DEPRECATED] Creation of dynamic property App\Controllers\Sekolah::$ModelWilayah is deprecated in APPPATH\Controllers\Sekolah.php on line 13.
 1 SYSTEMPATH\CodeIgniter.php(915): App\Controllers\Sekolah->__construct()
 2 SYSTEMPATH\CodeIgniter.php(494): CodeIgniter\CodeIgniter->createController()
 3 SYSTEMPATH\CodeIgniter.php(361): CodeIgniter\CodeIgniter->handleRequest(null, Object(Config\Cache), false)
 4 FCPATH\index.php(79): CodeIgniter\CodeIgniter->run()
WARNING - 2024-04-05 05:03:51 --> [DEPRECATED] Creation of dynamic property App\Controllers\Sekolah::$ModelSetting is deprecated in APPPATH\Controllers\Sekolah.php on line 14.
 1 SYSTEMPATH\CodeIgniter.php(915): App\Controllers\Sekolah->__construct()
 2 SYSTEMPATH\CodeIgniter.php(494): CodeIgniter\CodeIgniter->createController()
 3 SYSTEMPATH\CodeIgniter.php(361): CodeIgniter\CodeIgniter->handleRequest(null, Object(Config\Cache), false)
 4 FCPATH\index.php(79): CodeIgniter\CodeIgniter->run()
WARNING - 2024-04-05 05:03:51 --> [DEPRECATED] Creation of dynamic property App\Controllers\Sekolah::$ModelSekolah is deprecated in APPPATH\Controllers\Sekolah.php on line 15.
 1 SYSTEMPATH\CodeIgniter.php(915): App\Controllers\Sekolah->__construct()
 2 SYSTEMPATH\CodeIgniter.php(494): CodeIgniter\CodeIgniter->createController()
 3 SYSTEMPATH\CodeIgniter.php(361): CodeIgniter\CodeIgniter->handleRequest(null, Object(Config\Cache), false)
 4 FCPATH\index.php(79): CodeIgniter\CodeIgniter->run()
INFO - 2024-04-05 05:03:51 --> Session: Class initialized using 'CodeIgniter\Session\Handlers\FileHandler' driver.
WARNING - 2024-04-05 05:08:05 --> [DEPRECATED] Creation of dynamic property App\Controllers\Sekolah::$ModelWilayah is deprecated in APPPATH\Controllers\Sekolah.php on line 13.
 1 SYSTEMPATH\CodeIgniter.php(915): App\Controllers\Sekolah->__construct()
 2 SYSTEMPATH\CodeIgniter.php(494): CodeIgniter\CodeIgniter->createController()
 3 SYSTEMPATH\CodeIgniter.php(361): CodeIgniter\CodeIgniter->handleRequest(null, Object(Config\Cache), false)
 4 FCPATH\index.php(79): CodeIgniter\CodeIgniter->run()
WARNING - 2024-04-05 05:08:05 --> [DEPRECATED] Creation of dynamic property App\Controllers\Sekolah::$ModelSetting is deprecated in APPPATH\Controllers\Sekolah.php on line 14.
 1 SYSTEMPATH\CodeIgniter.php(915): App\Controllers\Sekolah->__construct()
 2 SYSTEMPATH\CodeIgniter.php(494): CodeIgniter\CodeIgniter->createController()
 3 SYSTEMPATH\CodeIgniter.php(361): CodeIgniter\CodeIgniter->handleRequest(null, Object(Config\Cache), false)
 4 FCPATH\index.php(79): CodeIgniter\CodeIgniter->run()
WARNING - 2024-04-05 05:08:05 --> [DEPRECATED] Creation of dynamic property App\Controllers\Sekolah::$ModelSekolah is deprecated in APPPATH\Controllers\Sekolah.php on line 15.
 1 SYSTEMPATH\CodeIgniter.php(915): App\Controllers\Sekolah->__construct()
 2 SYSTEMPATH\CodeIgniter.php(494): CodeIgniter\CodeIgniter->createController()
 3 SYSTEMPATH\CodeIgniter.php(361): CodeIgniter\CodeIgniter->handleRequest(null, Object(Config\Cache), false)
 4 FCPATH\index.php(79): CodeIgniter\CodeIgniter->run()
INFO - 2024-04-05 05:08:05 --> Session: Class initialized using 'CodeIgniter\Session\Handlers\FileHandler' driver.
WARNING - 2024-04-05 05:12:16 --> [DEPRECATED] Creation of dynamic property App\Controllers\Sekolah::$ModelWilayah is deprecated in APPPATH\Controllers\Sekolah.php on line 13.
 1 SYSTEMPATH\CodeIgniter.php(915): App\Controllers\Sekolah->__construct()
 2 SYSTEMPATH\CodeIgniter.php(494): CodeIgniter\CodeIgniter->createController()
 3 SYSTEMPATH\CodeIgniter.php(361): CodeIgniter\CodeIgniter->handleRequest(null, Object(Config\Cache), false)
 4 FCPATH\index.php(79): CodeIgniter\CodeIgniter->run()
WARNING - 2024-04-05 05:12:16 --> [DEPRECATED] Creation of dynamic property App\Controllers\Sekolah::$ModelSetting is deprecated in APPPATH\Controllers\Sekolah.php on line 14.
 1 SYSTEMPATH\CodeIgniter.php(915): App\Controllers\Sekolah->__construct()
 2 SYSTEMPATH\CodeIgniter.php(494): CodeIgniter\CodeIgniter->createController()
 3 SYSTEMPATH\CodeIgniter.php(361): CodeIgniter\CodeIgniter->handleRequest(null, Object(Config\Cache), false)
 4 FCPATH\index.php(79): CodeIgniter\CodeIgniter->run()
WARNING - 2024-04-05 05:12:16 --> [DEPRECATED] Creation of dynamic property App\Controllers\Sekolah::$ModelSekolah is deprecated in APPPATH\Controllers\Sekolah.php on line 15.
 1 SYSTEMPATH\CodeIgniter.php(915): App\Controllers\Sekolah->__construct()
 2 SYSTEMPATH\CodeIgniter.php(494): CodeIgniter\CodeIgniter->createController()
 3 SYSTEMPATH\CodeIgniter.php(361): CodeIgniter\CodeIgniter->handleRequest(null, Object(Config\Cache), false)
 4 FCPATH\index.php(79): CodeIgniter\CodeIgniter->run()
INFO - 2024-04-05 05:12:18 --> Session: Class initialized using 'CodeIgniter\Session\Handlers\FileHandler' driver.
WARNING - 2024-04-05 05:13:37 --> [DEPRECATED] Creation of dynamic property App\Controllers\Sekolah::$ModelWilayah is deprecated in APPPATH\Controllers\Sekolah.php on line 13.
 1 SYSTEMPATH\CodeIgniter.php(915): App\Controllers\Sekolah->__construct()
 2 SYSTEMPATH\CodeIgniter.php(494): CodeIgniter\CodeIgniter->createController()
 3 SYSTEMPATH\CodeIgniter.php(361): CodeIgniter\CodeIgniter->handleRequest(null, Object(Config\Cache), false)
 4 FCPATH\index.php(79): CodeIgniter\CodeIgniter->run()
WARNING - 2024-04-05 05:13:37 --> [DEPRECATED] Creation of dynamic property App\Controllers\Sekolah::$ModelSetting is deprecated in APPPATH\Controllers\Sekolah.php on line 14.
 1 SYSTEMPATH\CodeIgniter.php(915): App\Controllers\Sekolah->__construct()
 2 SYSTEMPATH\CodeIgniter.php(494): CodeIgniter\CodeIgniter->createController()
 3 SYSTEMPATH\CodeIgniter.php(361): CodeIgniter\CodeIgniter->handleRequest(null, Object(Config\Cache), false)
 4 FCPATH\index.php(79): CodeIgniter\CodeIgniter->run()
WARNING - 2024-04-05 05:13:37 --> [DEPRECATED] Creation of dynamic property App\Controllers\Sekolah::$ModelSekolah is deprecated in APPPATH\Controllers\Sekolah.php on line 15.
 1 SYSTEMPATH\CodeIgniter.php(915): App\Controllers\Sekolah->__construct()
 2 SYSTEMPATH\CodeIgniter.php(494): CodeIgniter\CodeIgniter->createController()
 3 SYSTEMPATH\CodeIgniter.php(361): CodeIgniter\CodeIgniter->handleRequest(null, Object(Config\Cache), false)
 4 FCPATH\index.php(79): CodeIgniter\CodeIgniter->run()
INFO - 2024-04-05 05:13:37 --> Session: Class initialized using 'CodeIgniter\Session\Handlers\FileHandler' driver.
WARNING - 2024-04-05 05:14:44 --> [DEPRECATED] Creation of dynamic property App\Controllers\Sekolah::$ModelWilayah is deprecated in APPPATH\Controllers\Sekolah.php on line 13.
 1 SYSTEMPATH\CodeIgniter.php(915): App\Controllers\Sekolah->__construct()
 2 SYSTEMPATH\CodeIgniter.php(494): CodeIgniter\CodeIgniter->createController()
 3 SYSTEMPATH\CodeIgniter.php(361): CodeIgniter\CodeIgniter->handleRequest(null, Object(Config\Cache), false)
 4 FCPATH\index.php(79): CodeIgniter\CodeIgniter->run()
WARNING - 2024-04-05 05:14:44 --> [DEPRECATED] Creation of dynamic property App\Controllers\Sekolah::$ModelSetting is deprecated in APPPATH\Controllers\Sekolah.php on line 14.
 1 SYSTEMPATH\CodeIgniter.php(915): App\Controllers\Sekolah->__construct()
 2 SYSTEMPATH\CodeIgniter.php(494): CodeIgniter\CodeIgniter->createController()
 3 SYSTEMPATH\CodeIgniter.php(361): CodeIgniter\CodeIgniter->handleRequest(null, Object(Config\Cache), false)
 4 FCPATH\index.php(79): CodeIgniter\CodeIgniter->run()
WARNING - 2024-04-05 05:14:44 --> [DEPRECATED] Creation of dynamic property App\Controllers\Sekolah::$ModelSekolah is deprecated in APPPATH\Controllers\Sekolah.php on line 15.
 1 SYSTEMPATH\CodeIgniter.php(915): App\Controllers\Sekolah->__construct()
 2 SYSTEMPATH\CodeIgniter.php(494): CodeIgniter\CodeIgniter->createController()
 3 SYSTEMPATH\CodeIgniter.php(361): CodeIgniter\CodeIgniter->handleRequest(null, Object(Config\Cache), false)
 4 FCPATH\index.php(79): CodeIgniter\CodeIgniter->run()
INFO - 2024-04-05 05:14:44 --> Session: Class initialized using 'CodeIgniter\Session\Handlers\FileHandler' driver.
