WARNING - 2024-04-21 05:06:55 --> [DEPRECATED] Creation of dynamic property App\Controllers\Home::$ModelWilayah is deprecated in APPPATH\Controllers\Home.php on line 14.
 1 SYSTEMPATH\CodeIgniter.php(915): App\Controllers\Home->__construct()
 2 SYSTEMPATH\CodeIgniter.php(494): CodeIgniter\CodeIgniter->createController()
 3 SYSTEMPATH\CodeIgniter.php(361): CodeIgniter\CodeIgniter->handleRequest(null, Object(Config\Cache), false)
 4 FCPATH\index.php(79): CodeIgniter\CodeIgniter->run()
WARNING - 2024-04-21 05:06:55 --> [DEPRECATED] Creation of dynamic property App\Controllers\Home::$ModelSetting is deprecated in APPPATH\Controllers\Home.php on line 15.
 1 SYSTEMPATH\CodeIgniter.php(915): App\Controllers\Home->__construct()
 2 SYSTEMPATH\CodeIgniter.php(494): CodeIgniter\CodeIgniter->createController()
 3 SYSTEMPATH\CodeIgniter.php(361): CodeIgniter\CodeIgniter->handleRequest(null, Object(Config\Cache), false)
 4 FCPATH\index.php(79): CodeIgniter\CodeIgniter->run()
WARNING - 2024-04-21 05:06:55 --> [DEPRECATED] Creation of dynamic property App\Controllers\Home::$ModelSekolah is deprecated in APPPATH\Controllers\Home.php on line 16.
 1 SYSTEMPATH\CodeIgniter.php(915): App\Controllers\Home->__construct()
 2 SYSTEMPATH\CodeIgniter.php(494): CodeIgniter\CodeIgniter->createController()
 3 SYSTEMPATH\CodeIgniter.php(361): CodeIgniter\CodeIgniter->handleRequest(null, Object(Config\Cache), false)
 4 FCPATH\index.php(79): CodeIgniter\CodeIgniter->run()
WARNING - 2024-04-21 05:06:55 --> [DEPRECATED] Creation of dynamic property App\Controllers\Home::$ModelJenjang is deprecated in APPPATH\Controllers\Home.php on line 17.
 1 SYSTEMPATH\CodeIgniter.php(915): App\Controllers\Home->__construct()
 2 SYSTEMPATH\CodeIgniter.php(494): CodeIgniter\CodeIgniter->createController()
 3 SYSTEMPATH\CodeIgniter.php(361): CodeIgniter\CodeIgniter->handleRequest(null, Object(Config\Cache), false)
 4 FCPATH\index.php(79): CodeIgniter\CodeIgniter->run()
WARNING - 2024-04-21 05:10:04 --> [DEPRECATED] Creation of dynamic property App\Controllers\Home::$ModelWilayah is deprecated in APPPATH\Controllers\Home.php on line 14.
 1 SYSTEMPATH\CodeIgniter.php(915): App\Controllers\Home->__construct()
 2 SYSTEMPATH\CodeIgniter.php(494): CodeIgniter\CodeIgniter->createController()
 3 SYSTEMPATH\CodeIgniter.php(361): CodeIgniter\CodeIgniter->handleRequest(null, Object(Config\Cache), false)
 4 FCPATH\index.php(79): CodeIgniter\CodeIgniter->run()
WARNING - 2024-04-21 05:10:04 --> [DEPRECATED] Creation of dynamic property App\Controllers\Home::$ModelSetting is deprecated in APPPATH\Controllers\Home.php on line 15.
 1 SYSTEMPATH\CodeIgniter.php(915): App\Controllers\Home->__construct()
 2 SYSTEMPATH\CodeIgniter.php(494): CodeIgniter\CodeIgniter->createController()
 3 SYSTEMPATH\CodeIgniter.php(361): CodeIgniter\CodeIgniter->handleRequest(null, Object(Config\Cache), false)
 4 FCPATH\index.php(79): CodeIgniter\CodeIgniter->run()
WARNING - 2024-04-21 05:10:04 --> [DEPRECATED] Creation of dynamic property App\Controllers\Home::$ModelSekolah is deprecated in APPPATH\Controllers\Home.php on line 16.
 1 SYSTEMPATH\CodeIgniter.php(915): App\Controllers\Home->__construct()
 2 SYSTEMPATH\CodeIgniter.php(494): CodeIgniter\CodeIgniter->createController()
 3 SYSTEMPATH\CodeIgniter.php(361): CodeIgniter\CodeIgniter->handleRequest(null, Object(Config\Cache), false)
 4 FCPATH\index.php(79): CodeIgniter\CodeIgniter->run()
WARNING - 2024-04-21 05:10:04 --> [DEPRECATED] Creation of dynamic property App\Controllers\Home::$ModelJenjang is deprecated in APPPATH\Controllers\Home.php on line 17.
 1 SYSTEMPATH\CodeIgniter.php(915): App\Controllers\Home->__construct()
 2 SYSTEMPATH\CodeIgniter.php(494): CodeIgniter\CodeIgniter->createController()
 3 SYSTEMPATH\CodeIgniter.php(361): CodeIgniter\CodeIgniter->handleRequest(null, Object(Config\Cache), false)
 4 FCPATH\index.php(79): CodeIgniter\CodeIgniter->run()
WARNING - 2024-04-21 05:10:46 --> [DEPRECATED] Creation of dynamic property App\Controllers\Home::$ModelWilayah is deprecated in APPPATH\Controllers\Home.php on line 14.
 1 SYSTEMPATH\CodeIgniter.php(915): App\Controllers\Home->__construct()
 2 SYSTEMPATH\CodeIgniter.php(494): CodeIgniter\CodeIgniter->createController()
 3 SYSTEMPATH\CodeIgniter.php(361): CodeIgniter\CodeIgniter->handleRequest(null, Object(Config\Cache), false)
 4 FCPATH\index.php(79): CodeIgniter\CodeIgniter->run()
WARNING - 2024-04-21 05:10:46 --> [DEPRECATED] Creation of dynamic property App\Controllers\Home::$ModelSetting is deprecated in APPPATH\Controllers\Home.php on line 15.
 1 SYSTEMPATH\CodeIgniter.php(915): App\Controllers\Home->__construct()
 2 SYSTEMPATH\CodeIgniter.php(494): CodeIgniter\CodeIgniter->createController()
 3 SYSTEMPATH\CodeIgniter.php(361): CodeIgniter\CodeIgniter->handleRequest(null, Object(Config\Cache), false)
 4 FCPATH\index.php(79): CodeIgniter\CodeIgniter->run()
WARNING - 2024-04-21 05:10:46 --> [DEPRECATED] Creation of dynamic property App\Controllers\Home::$ModelSekolah is deprecated in APPPATH\Controllers\Home.php on line 16.
 1 SYSTEMPATH\CodeIgniter.php(915): App\Controllers\Home->__construct()
 2 SYSTEMPATH\CodeIgniter.php(494): CodeIgniter\CodeIgniter->createController()
 3 SYSTEMPATH\CodeIgniter.php(361): CodeIgniter\CodeIgniter->handleRequest(null, Object(Config\Cache), false)
 4 FCPATH\index.php(79): CodeIgniter\CodeIgniter->run()
WARNING - 2024-04-21 05:10:46 --> [DEPRECATED] Creation of dynamic property App\Controllers\Home::$ModelJenjang is deprecated in APPPATH\Controllers\Home.php on line 17.
 1 SYSTEMPATH\CodeIgniter.php(915): App\Controllers\Home->__construct()
 2 SYSTEMPATH\CodeIgniter.php(494): CodeIgniter\CodeIgniter->createController()
 3 SYSTEMPATH\CodeIgniter.php(361): CodeIgniter\CodeIgniter->handleRequest(null, Object(Config\Cache), false)
 4 FCPATH\index.php(79): CodeIgniter\CodeIgniter->run()
